#
# There is insufficient memory for the Java Runtime Environment to continue.
# Native memory allocation (mmap) failed to map 163577856 bytes for Failed to commit area from 0x0000000097200000 to 0x00000000a0e00000 of length 163577856.
# Possible reasons:
#   The system is out of physical RAM or swap space
#   The process is running with CompressedOops enabled, and the Java Heap may be blocking the growth of the native heap
# Possible solutions:
#   Reduce memory load on the system
#   Increase physical memory or swap space
#   Check if swap backing store is full
#   Decrease Java heap size (-Xmx/-Xms)
#   Decrease number of Java threads
#   Decrease Java thread stack sizes (-Xss)
#   Set larger code cache with -XX:ReservedCodeCacheSize=
#   JVM is running with Unscaled Compressed Oops mode in which the Java heap is
#     placed in the first 4GB address space. The Java Heap base address is the
#     maximum limit for the native heap growth. Please use -XX:HeapBaseMinAddress
#     to set the Java Heap base and to place the Java Heap above 4GB virtual address.
# This output file may be truncated or incomplete.
#
#  Out of Memory Error (./src/hotspot/os/windows/os_windows.cpp:3301), pid=2384, tid=9960
#
# JRE version: OpenJDK Runtime Environment (11.0.10) (build 11.0.10+0-b96-7249189)
# Java VM: OpenJDK 64-Bit Server VM (11.0.10+0-b96-7249189, mixed mode, tiered, compressed oops, g1 gc, windows-amd64)
# No core dump will be written. Minidumps are not enabled by default on client versions of Windows
#

---------------  S U M M A R Y ------------

Command Line: --add-opens=java.base/java.util=ALL-UNNAMED --add-opens=java.base/java.lang=ALL-UNNAMED --add-opens=java.base/java.lang.invoke=ALL-UNNAMED --add-opens=java.base/java.util=ALL-UNNAMED --add-opens=java.prefs/java.util.prefs=ALL-UNNAMED --add-opens=java.prefs/java.util.prefs=ALL-UNNAMED --add-opens=java.base/java.nio.charset=ALL-UNNAMED --add-opens=java.base/java.net=ALL-UNNAMED --add-opens=java.base/java.util.concurrent.atomic=ALL-UNNAMED -Xmx2048m -Dfile.encoding=UTF-8 -Duser.country=US -Duser.language=en -Duser.variant org.gradle.launcher.daemon.bootstrap.GradleDaemon 7.0.2

Host: AMD Ryzen 5 3400G with Radeon Vega Graphics    , 8 cores, 15G,  Windows 10 , 64 bit Build 19041 (10.0.19041.1151)
Time: Fri Aug 20 00:27:26 2021 Sri Lanka Standard Time elapsed time: 19421.673707 seconds (0d 5h 23m 41s)

---------------  T H R E A D  ---------------

Current thread (0x0000011487d69800):  VMThread "VM Thread" [stack: 0x0000000100c00000,0x0000000100d00000] [id=9960]

Stack: [0x0000000100c00000,0x0000000100d00000]
[error occurred during error reporting (printing stack bounds), id 0xc0000005, EXCEPTION_ACCESS_VIOLATION (0xc0000005) at pc=0x0000011430b90f2d]

Native frames: (J=compiled Java code, j=interpreted, Vv=VM code, C=native code)
V  [jvm.dll+0x5ecfaa]
V  [jvm.dll+0x722bd5]
V  [jvm.dll+0x72412d]
V  [jvm.dll+0x724745]
V  [jvm.dll+0x7246fb]
V  [jvm.dll+0x5ec348]
V  [jvm.dll+0x5ecad8]
C  [ntdll.dll+0xa217f]
C  [ntdll.dll+0x51454]
C  [ntdll.dll+0xa0cae]
C  0x0000011430b90f2d

VM_Operation (0x0000000103ffae60): G1CollectForAllocation, mode: safepoint, requested by thread 0x0000011490b4f000


---------------  P R O C E S S  ---------------

Threads class SMR info:
_java_thread_list=0x000001149393b090, length=66, elements={
0x000001142d0a0000, 0x0000011487d6f000, 0x0000011487d78000, 0x0000011487dd4800,
0x0000011487dd6000, 0x0000011487dd8000, 0x0000011487de3000, 0x0000011487dea000,
0x0000011487dec000, 0x0000011487f82000, 0x0000011489408000, 0x00000114880b0000,
0x00000114893d4000, 0x000001148a435000, 0x000001148a437000, 0x000001148a438800,
0x000001148a432800, 0x000001148a433800, 0x000001148b319000, 0x000001148b31b000,
0x000001148b316800, 0x000001148b317000, 0x000001148b321000, 0x000001148b324000,
0x000001148b583800, 0x000001148b585000, 0x000001148b583000, 0x000001148b581000,
0x000001148b582000, 0x0000011490b54800, 0x00000114935ce000, 0x0000011490b51800,
0x0000011490b4f800, 0x00000114935c2800, 0x00000114935c1800, 0x00000114935c3800,
0x00000114935c4000, 0x00000114935c1000, 0x00000114935c5000, 0x00000114935bf000,
0x00000114935c6000, 0x00000114935c0000, 0x00000114935c6800, 0x00000114935ca800,
0x00000114935c7800, 0x00000114935cb800, 0x00000114935c8000, 0x00000114935cc800,
0x00000114935cd000, 0x00000114935c9000, 0x00000114935ca000, 0x0000011490b4f000,
0x000001148a260800, 0x00000114932ec800, 0x0000011490b54000, 0x0000011490b53000,
0x0000011490b50800, 0x0000011490b52000, 0x0000011490b4e000, 0x0000011490b58800,
0x0000011490b59800, 0x0000011490b5b000, 0x0000011490b55800, 0x0000011490b5c000,
0x0000011490b57000, 0x000001148b580800
}

Java Threads: ( => current thread )
  0x000001142d0a0000 JavaThread "main" [_thread_blocked, id=15376, stack(0x0000000100600000,0x0000000100700000)]
  0x0000011487d6f000 JavaThread "Reference Handler" daemon [_thread_blocked, id=8460, stack(0x0000000100d00000,0x0000000100e00000)]
  0x0000011487d78000 JavaThread "Finalizer" daemon [_thread_blocked, id=3204, stack(0x0000000100e00000,0x0000000100f00000)]
  0x0000011487dd4800 JavaThread "Signal Dispatcher" daemon [_thread_blocked, id=7988, stack(0x0000000100f00000,0x0000000101000000)]
  0x0000011487dd6000 JavaThread "Attach Listener" daemon [_thread_blocked, id=14020, stack(0x0000000101000000,0x0000000101100000)]
  0x0000011487dd8000 JavaThread "Service Thread" daemon [_thread_blocked, id=13940, stack(0x0000000101100000,0x0000000101200000)]
  0x0000011487de3000 JavaThread "C2 CompilerThread0" daemon [_thread_in_native, id=1980, stack(0x0000000101200000,0x0000000101300000)]
  0x0000011487dea000 JavaThread "C1 CompilerThread0" daemon [_thread_blocked, id=13316, stack(0x0000000101300000,0x0000000101400000)]
  0x0000011487dec000 JavaThread "Sweeper thread" daemon [_thread_blocked, id=6620, stack(0x0000000101400000,0x0000000101500000)]
  0x0000011487f82000 JavaThread "Common-Cleaner" daemon [_thread_blocked, id=6920, stack(0x0000000101500000,0x0000000101600000)]
  0x0000011489408000 JavaThread "Daemon health stats" [_thread_blocked, id=2448, stack(0x0000000101e00000,0x0000000101f00000)]
  0x00000114880b0000 JavaThread "Incoming local TCP Connector on port 59555" [_thread_in_native, id=10620, stack(0x0000000101700000,0x0000000101800000)]
  0x00000114893d4000 JavaThread "Daemon periodic checks" [_thread_blocked, id=12188, stack(0x0000000101800000,0x0000000101900000)]
  0x000001148a435000 JavaThread "Cache worker for file hash cache (C:\Users\Pramu\.gradle\caches\7.0.2\fileHashes)" [_thread_blocked, id=7316, stack(0x0000000102600000,0x0000000102700000)]
  0x000001148a437000 JavaThread "File lock request listener" [_thread_in_native, id=10804, stack(0x0000000102700000,0x0000000102800000)]
  0x000001148a438800 JavaThread "Cache worker for journal cache (C:\Users\Pramu\.gradle\caches\journal-1)" [_thread_blocked, id=15432, stack(0x0000000102b00000,0x0000000102c00000)]
  0x000001148a432800 JavaThread "File watcher server" daemon [_thread_blocked, id=11136, stack(0x0000000102e00000,0x0000000102f00000)]
  0x000001148a433800 JavaThread "File watcher consumer" daemon [_thread_blocked, id=13176, stack(0x0000000102f00000,0x0000000103000000)]
  0x000001148b319000 JavaThread "Cache worker for execution history cache (C:\Users\Pramu\.gradle\caches\7.0.2\executionHistory)" [_thread_blocked, id=11448, stack(0x0000000103300000,0x0000000103400000)]
  0x000001148b31b000 JavaThread "jar transforms" [_thread_blocked, id=3728, stack(0x0000000103500000,0x0000000103600000)]
  0x000001148b316800 JavaThread "jar transforms Thread 2" [_thread_blocked, id=14332, stack(0x0000000103600000,0x0000000103700000)]
  0x000001148b317000 JavaThread "Cache worker for file content cache (C:\Users\Pramu\.gradle\caches\7.0.2\fileContent)" [_thread_blocked, id=11180, stack(0x0000000103700000,0x0000000103800000)]
  0x000001148b321000 JavaThread "jar transforms Thread 3" [_thread_blocked, id=16676, stack(0x0000000103900000,0x0000000103a00000)]
  0x000001148b324000 JavaThread "jar transforms Thread 4" [_thread_blocked, id=11692, stack(0x0000000104300000,0x0000000104400000)]
  0x000001148b583800 JavaThread "jar transforms Thread 5" [_thread_blocked, id=13264, stack(0x0000000104400000,0x0000000104500000)]
  0x000001148b585000 JavaThread "jar transforms Thread 6" [_thread_blocked, id=16252, stack(0x0000000104500000,0x0000000104600000)]
  0x000001148b583000 JavaThread "jar transforms Thread 7" [_thread_blocked, id=15088, stack(0x0000000104600000,0x0000000104700000)]
  0x000001148b581000 JavaThread "jar transforms Thread 8" [_thread_blocked, id=3144, stack(0x0000000104700000,0x0000000104800000)]
  0x000001148b582000 JavaThread "Memory manager" [_thread_blocked, id=3660, stack(0x0000000104800000,0x0000000104900000)]
  0x0000011490b54800 JavaThread "Cache worker for Java compile cache (C:\Users\Pramu\.gradle\caches\7.0.2\javaCompile)" [_thread_blocked, id=2696, stack(0x0000000104f00000,0x0000000105000000)]
  0x00000114935ce000 JavaThread "ForkJoinPool.commonPool-worker-15" daemon [_thread_blocked, id=16132, stack(0x0000000106100000,0x0000000106200000)]
  0x0000011490b51800 JavaThread "Daemon Thread 9" [_thread_blocked, id=12220, stack(0x0000000100100000,0x0000000100200000)]
  0x0000011490b4f800 JavaThread "Daemon worker Thread 9" [_thread_blocked, id=1108, stack(0x0000000101f00000,0x0000000102000000)]
  0x00000114935c2800 JavaThread "Handler for socket connection from /127.0.0.1:59555 to /127.0.0.1:64409" [_thread_in_native, id=2604, stack(0x0000000100400000,0x0000000100500000)]
  0x00000114935c1800 JavaThread "Cancel handler" [_thread_blocked, id=4964, stack(0x0000000100500000,0x0000000100600000)]
  0x00000114935c3800 JavaThread "Asynchronous log dispatcher for DefaultDaemonConnection: socket connection from /127.0.0.1:59555 to /127.0.0.1:64409" [_thread_blocked, id=13196, stack(0x0000000102000000,0x0000000102100000)]
  0x00000114935c4000 JavaThread "Stdin handler" [_thread_blocked, id=14544, stack(0x0000000102300000,0x0000000102400000)]
  0x00000114935c1000 JavaThread "Daemon client event forwarder" [_thread_blocked, id=3804, stack(0x0000000102400000,0x0000000102500000)]
  0x00000114935c5000 JavaThread "Cache worker for file hash cache (E:\3 rd yera\Sem 1\PH 3037 Mobile Application Development\Final Project\NightCafe\.gradle\7.0.2\fileHashes)" [_thread_blocked, id=12392, stack(0x0000000102500000,0x0000000102600000)]
  0x00000114935bf000 JavaThread "Cache worker for checksums cache (E:\3 rd yera\Sem 1\PH 3037 Mobile Application Development\Final Project\NightCafe\.gradle\checksums)" [_thread_blocked, id=16620, stack(0x0000000102c00000,0x0000000102d00000)]
  0x00000114935c6000 JavaThread "Cache worker for cache directory md-supplier (C:\Users\Pramu\.gradle\caches\7.0.2\md-supplier)" [_thread_blocked, id=12780, stack(0x0000000102d00000,0x0000000102e00000)]
  0x00000114935c0000 JavaThread "Cache worker for cache directory md-rule (C:\Users\Pramu\.gradle\caches\7.0.2\md-rule)" [_thread_blocked, id=6892, stack(0x0000000103000000,0x0000000103100000)]
  0x00000114935c6800 JavaThread "Cache worker for dependencies-accessors (E:\3 rd yera\Sem 1\PH 3037 Mobile Application Development\Final Project\NightCafe\.gradle\7.0.2\dependencies-accessors)" [_thread_blocked, id=7996, stack(0x0000000103100000,0x0000000103200000)]
  0x00000114935ca800 JavaThread "Cache worker for Build Output Cleanup Cache (E:\3 rd yera\Sem 1\PH 3037 Mobile Application Development\Final Project\NightCafe\.gradle\buildOutputCleanup)" [_thread_blocked, id=13632, stack(0x0000000103200000,0x0000000103300000)]
  0x00000114935c7800 JavaThread "Build operations" [_thread_blocked, id=11440, stack(0x0000000103400000,0x0000000103500000)]
  0x00000114935cb800 JavaThread "Build operations Thread 2" [_thread_blocked, id=17072, stack(0x0000000103800000,0x0000000103900000)]
  0x00000114935c8000 JavaThread "Build operations Thread 3" [_thread_blocked, id=1992, stack(0x0000000103a00000,0x0000000103b00000)]
  0x00000114935cc800 JavaThread "Build operations Thread 4" [_thread_blocked, id=3052, stack(0x0000000103b00000,0x0000000103c00000)]
  0x00000114935cd000 JavaThread "Build operations Thread 5" [_thread_blocked, id=10448, stack(0x0000000103c00000,0x0000000103d00000)]
  0x00000114935c9000 JavaThread "Build operations Thread 6" [_thread_blocked, id=9188, stack(0x0000000103d00000,0x0000000103e00000)]
  0x00000114935ca000 JavaThread "Build operations Thread 7" [_thread_blocked, id=3508, stack(0x0000000103e00000,0x0000000103f00000)]
  0x0000011490b4f000 JavaThread "Build operations Thread 8" [_thread_blocked, id=3236, stack(0x0000000103f00000,0x0000000104000000)]
  0x000001148a260800 JavaThread "C2 CompilerThread1" daemon [_thread_in_native, id=11076, stack(0x0000000104000000,0x0000000104100000)]
  0x00000114932ec800 JavaThread "C2 CompilerThread2" daemon [_thread_blocked, id=14272, stack(0x0000000104100000,0x0000000104200000)]
  0x0000011490b54000 JavaThread "build event listener" [_thread_blocked, id=10556, stack(0x0000000104200000,0x0000000104300000)]
  0x0000011490b53000 JavaThread "Execution worker for ':'" [_thread_blocked, id=1216, stack(0x0000000104900000,0x0000000104a00000)]
  0x0000011490b50800 JavaThread "Execution worker for ':' Thread 2" [_thread_blocked, id=9548, stack(0x0000000104a00000,0x0000000104b00000)]
  0x0000011490b52000 JavaThread "Execution worker for ':' Thread 3" [_thread_blocked, id=16424, stack(0x0000000104b00000,0x0000000104c00000)]
  0x0000011490b4e000 JavaThread "Execution worker for ':' Thread 4" [_thread_blocked, id=6152, stack(0x0000000104c00000,0x0000000104d00000)]
  0x0000011490b58800 JavaThread "Execution worker for ':' Thread 5" [_thread_blocked, id=13304, stack(0x0000000104d00000,0x0000000104e00000)]
  0x0000011490b59800 JavaThread "Execution worker for ':' Thread 6" [_thread_blocked, id=15752, stack(0x0000000104e00000,0x0000000104f00000)]
  0x0000011490b5b000 JavaThread "Execution worker for ':' Thread 7" [_thread_blocked, id=4840, stack(0x0000000105000000,0x0000000105100000)]
  0x0000011490b55800 JavaThread "Cache worker for execution history cache (E:\3 rd yera\Sem 1\PH 3037 Mobile Application Development\Final Project\NightCafe\.gradle\7.0.2\executionHistory)" [_thread_blocked, id=11480, stack(0x0000000105100000,0x0000000105200000)]
  0x0000011490b5c000 JavaThread "WorkerExecutor Queue Thread 2" [_thread_blocked, id=12760, stack(0x0000000105500000,0x0000000105600000)]
  0x0000011490b57000 JavaThread "WorkerExecutor Queue Thread 5" [_thread_blocked, id=9348, stack(0x0000000105800000,0x0000000105900000)]
  0x000001148b580800 JavaThread "Java2D Disposer" daemon [_thread_blocked, id=14320, stack(0x0000000105e00000,0x0000000105f00000)]

Other Threads:
=>0x0000011487d69800 VMThread "VM Thread" [stack: 0x0000000100c00000,0x0000000100d00000] [id=9960]
  0x0000011487f84000 WatcherThread [stack: 0x0000000101600000,0x0000000101700000] [id=6548]
  0x000001142d0b7000 GCTaskThread "GC Thread#0" [stack: 0x0000000100700000,0x0000000100800000] [id=3880]
  0x0000011488ee1000 GCTaskThread "GC Thread#1" [stack: 0x0000000101900000,0x0000000101a00000] [id=16468]
  0x0000011488428000 GCTaskThread "GC Thread#2" [stack: 0x0000000101a00000,0x0000000101b00000] [id=4884]
  0x00000114890b6000 GCTaskThread "GC Thread#3" [stack: 0x0000000101b00000,0x0000000101c00000] [id=15604]
  0x0000011488bfd000 GCTaskThread "GC Thread#4" [stack: 0x0000000101c00000,0x0000000101d00000] [id=13480]
  0x0000011488ecb000 GCTaskThread "GC Thread#5" [stack: 0x0000000101d00000,0x0000000101e00000] [id=15280]
  0x000001148a018800 GCTaskThread "GC Thread#6" [stack: 0x0000000102800000,0x0000000102900000] [id=10720]
  0x0000011488f8e000 GCTaskThread "GC Thread#7" [stack: 0x0000000102900000,0x0000000102a00000] [id=14200]
  0x000001142d0e9000 ConcurrentGCThread "G1 Main Marker" [stack: 0x0000000100800000,0x0000000100900000] [id=12728]
  0x000001142d0ea800 ConcurrentGCThread "G1 Conc#0" [stack: 0x0000000100900000,0x0000000100a00000] [id=17136]
  0x0000011488f66800 ConcurrentGCThread "G1 Conc#1" [stack: 0x0000000102a00000,0x0000000102b00000] [id=15304]
  0x00000114473bc800 ConcurrentGCThread "G1 Refine#0" [stack: 0x0000000100a00000,0x0000000100b00000] [id=7304]
  0x0000011488b34000 ConcurrentGCThread "G1 Refine#1" [stack: 0x0000000102100000,0x0000000102200000] [id=6452]
  0x0000011489546000 ConcurrentGCThread "G1 Refine#2" [stack: 0x0000000102200000,0x0000000102300000] [id=16916]
  0x00000114880b1000 ConcurrentGCThread "G1 Refine#3" [stack: 0x0000000105300000,0x0000000105400000] [id=1648]
  0x000001148d50b000 ConcurrentGCThread "G1 Refine#4" [stack: 0x0000000105400000,0x0000000105500000] [id=12544]
  0x00000114473bd000 ConcurrentGCThread "G1 Young RemSet Sampling" [stack: 0x0000000100b00000,0x0000000100c00000] [id=12920]

Threads with active compile tasks:
C2 CompilerThread019421692 28910       4       com.android.tools.r8.internal.W4::a (1165 bytes)
C1 CompilerThread019421692 29256 % !   3       java.util.concurrent.ConcurrentHashMap::transfer @ 96 (828 bytes)
C2 CompilerThread119421692 28920       4       com.android.tools.r8.ir.regalloc.a::a (261 bytes)
C2 CompilerThread219421692 29233       4       com.android.tools.r8.internal.Le::a (1137 bytes)

VM state:at safepoint (normal execution)

VM Mutex/Monitor currently owned by a thread:  ([mutex/lock_event])
[0x000001142d09c650] Threads_lock - owner thread: 0x0000011487d69800
[0x000001142d09d2b0] Heap_lock - owner thread: 0x0000011490b4f000

Heap address: 0x0000000080000000, size: 2048 MB, Compressed Oops mode: 32-bit
Narrow klass base: 0x0000011447540000, Narrow klass shift: 0
Compressed class space size: 1073741824 Address: 0x0000011447540000

Heap:
 garbage-first heap   total 538624K, used 182272K [0x0000000080000000, 0x0000000100000000)
  region size 1024K, 15 young (15360K), 15 survivors (15360K)
 Metaspace       used 133673K, capacity 137707K, committed 138060K, reserved 1169408K
  class space    used 16349K, capacity 17869K, committed 17996K, reserved 1048576K
Heap Regions: E=young(eden), S=young(survivor), O=old, HS=humongous(starts), HC=humongous(continues), CS=collection set, F=free, A=archive, TAMS=top-at-mark-start (previous, next)
|   0|0x0000000080000000, 0x0000000080100000, 0x0000000080100000|100%| O|  |TAMS 0x0000000080100000, 0x0000000080000000| Untracked 
|   1|0x0000000080100000, 0x0000000080200000, 0x0000000080200000|100%| O|  |TAMS 0x0000000080200000, 0x0000000080100000| Complete 
|   2|0x0000000080200000, 0x0000000080300000, 0x0000000080300000|100%| O|  |TAMS 0x0000000080300000, 0x0000000080200000| Untracked 
|   3|0x0000000080300000, 0x0000000080400000, 0x0000000080400000|100%|HS|  |TAMS 0x0000000080400000, 0x0000000080300000| Complete 
|   4|0x0000000080400000, 0x0000000080500000, 0x0000000080500000|100%|HC|  |TAMS 0x0000000080500000, 0x0000000080400000| Complete 
|   5|0x0000000080500000, 0x0000000080600000, 0x0000000080600000|100%|HC|  |TAMS 0x0000000080600000, 0x0000000080500000| Complete 
|   6|0x0000000080600000, 0x0000000080700000, 0x0000000080700000|100%| O|  |TAMS 0x0000000080700000, 0x0000000080600000| Untracked 
|   7|0x0000000080700000, 0x0000000080800000, 0x0000000080800000|100%| O|  |TAMS 0x0000000080800000, 0x0000000080700000| Untracked 
|   8|0x0000000080800000, 0x0000000080900000, 0x0000000080900000|100%| O|  |TAMS 0x0000000080900000, 0x0000000080800000| Untracked 
|   9|0x0000000080900000, 0x0000000080a00000, 0x0000000080a00000|100%| O|  |TAMS 0x0000000080a00000, 0x0000000080900000| Untracked 
|  10|0x0000000080a00000, 0x0000000080b00000, 0x0000000080b00000|100%| O|  |TAMS 0x0000000080b00000, 0x0000000080a00000| Untracked 
|  11|0x0000000080b00000, 0x0000000080c00000, 0x0000000080c00000|100%| O|  |TAMS 0x0000000080c00000, 0x0000000080b00000| Untracked 
|  12|0x0000000080c00000, 0x0000000080d00000, 0x0000000080d00000|100%| O|  |TAMS 0x0000000080d00000, 0x0000000080c00000| Untracked 
|  13|0x0000000080d00000, 0x0000000080e00000, 0x0000000080e00000|100%| O|  |TAMS 0x0000000080e00000, 0x0000000080d00000| Complete 
|  14|0x0000000080e00000, 0x0000000080f00000, 0x0000000080f00000|100%| O|  |TAMS 0x0000000080f00000, 0x0000000080e00000| Untracked 
|  15|0x0000000080f00000, 0x0000000081000000, 0x0000000081000000|100%| O|  |TAMS 0x0000000081000000, 0x0000000080f00000| Complete 
|  16|0x0000000081000000, 0x0000000081100000, 0x0000000081100000|100%|HS|  |TAMS 0x0000000081100000, 0x0000000081000000| Complete 
|  17|0x0000000081100000, 0x0000000081200000, 0x0000000081200000|100%|HS|  |TAMS 0x0000000081200000, 0x0000000081100000| Complete 
|  18|0x0000000081200000, 0x0000000081300000, 0x0000000081300000|100%|HS|  |TAMS 0x0000000081300000, 0x0000000081200000| Complete 
|  19|0x0000000081300000, 0x0000000081400000, 0x0000000081400000|100%|HC|  |TAMS 0x0000000081400000, 0x0000000081300000| Complete 
|  20|0x0000000081400000, 0x0000000081500000, 0x0000000081500000|100%| O|  |TAMS 0x0000000081500000, 0x0000000081400000| Complete 
|  21|0x0000000081500000, 0x0000000081600000, 0x0000000081600000|100%| O|  |TAMS 0x0000000081600000, 0x0000000081500000| Complete 
|  22|0x0000000081600000, 0x0000000081700000, 0x0000000081700000|100%| O|  |TAMS 0x0000000081700000, 0x0000000081600000| Untracked 
|  23|0x0000000081700000, 0x0000000081800000, 0x0000000081800000|100%| O|  |TAMS 0x0000000081800000, 0x0000000081700000| Complete 
|  24|0x0000000081800000, 0x0000000081900000, 0x0000000081900000|100%| O|  |TAMS 0x0000000081900000, 0x0000000081800000| Complete 
|  25|0x0000000081900000, 0x0000000081a00000, 0x0000000081a00000|100%| O|  |TAMS 0x0000000081a00000, 0x0000000081900000| Complete 
|  26|0x0000000081a00000, 0x0000000081b00000, 0x0000000081b00000|100%| O|  |TAMS 0x0000000081b00000, 0x0000000081a00000| Untracked 
|  27|0x0000000081b00000, 0x0000000081c00000, 0x0000000081c00000|100%| O|  |TAMS 0x0000000081c00000, 0x0000000081b00000| Complete 
|  28|0x0000000081c00000, 0x0000000081d00000, 0x0000000081d00000|100%| O|  |TAMS 0x0000000081d00000, 0x0000000081c00000| Complete 
|  29|0x0000000081d00000, 0x0000000081e00000, 0x0000000081e00000|100%| O|  |TAMS 0x0000000081e00000, 0x0000000081d00000| Untracked 
|  30|0x0000000081e00000, 0x0000000081f00000, 0x0000000081f00000|100%| O|  |TAMS 0x0000000081f00000, 0x0000000081e00000| Untracked 
|  31|0x0000000081f00000, 0x0000000082000000, 0x0000000082000000|100%| O|  |TAMS 0x0000000082000000, 0x0000000081f00000| Complete 
|  32|0x0000000082000000, 0x0000000082100000, 0x0000000082100000|100%| O|  |TAMS 0x0000000082100000, 0x0000000082000000| Untracked 
|  33|0x0000000082100000, 0x0000000082200000, 0x0000000082200000|100%| O|  |TAMS 0x0000000082200000, 0x0000000082100000| Complete 
|  34|0x0000000082200000, 0x0000000082300000, 0x0000000082300000|100%| O|  |TAMS 0x0000000082300000, 0x0000000082200000| Untracked 
|  35|0x0000000082300000, 0x0000000082400000, 0x0000000082400000|100%| O|  |TAMS 0x0000000082400000, 0x0000000082300000| Complete 
|  36|0x0000000082400000, 0x0000000082500000, 0x0000000082500000|100%| O|  |TAMS 0x0000000082500000, 0x0000000082400000| Complete 
|  37|0x0000000082500000, 0x0000000082600000, 0x0000000082600000|100%| O|  |TAMS 0x0000000082600000, 0x0000000082500000| Complete 
|  38|0x0000000082600000, 0x0000000082700000, 0x0000000082700000|100%| O|  |TAMS 0x0000000082700000, 0x0000000082600000| Complete 
|  39|0x0000000082700000, 0x0000000082800000, 0x0000000082800000|100%| O|  |TAMS 0x0000000082800000, 0x0000000082700000| Untracked 
|  40|0x0000000082800000, 0x0000000082900000, 0x0000000082900000|100%| O|  |TAMS 0x0000000082900000, 0x0000000082800000| Complete 
|  41|0x0000000082900000, 0x0000000082a00000, 0x0000000082a00000|100%| O|  |TAMS 0x0000000082a00000, 0x0000000082900000| Complete 
|  42|0x0000000082a00000, 0x0000000082b00000, 0x0000000082b00000|100%| O|  |TAMS 0x0000000082b00000, 0x0000000082a00000| Complete 
|  43|0x0000000082b00000, 0x0000000082c00000, 0x0000000082c00000|100%| O|  |TAMS 0x0000000082c00000, 0x0000000082b00000| Complete 
|  44|0x0000000082c00000, 0x0000000082d00000, 0x0000000082d00000|100%| O|  |TAMS 0x0000000082d00000, 0x0000000082c00000| Untracked 
|  45|0x0000000082d00000, 0x0000000082e00000, 0x0000000082e00000|100%| O|  |TAMS 0x0000000082e00000, 0x0000000082d00000| Untracked 
|  46|0x0000000082e00000, 0x0000000082f00000, 0x0000000082f00000|100%| O|  |TAMS 0x0000000082f00000, 0x0000000082e00000| Complete 
|  47|0x0000000082f00000, 0x0000000083000000, 0x0000000083000000|100%| O|  |TAMS 0x0000000083000000, 0x0000000082f00000| Complete 
|  48|0x0000000083000000, 0x0000000083100000, 0x0000000083100000|100%| O|  |TAMS 0x0000000083100000, 0x0000000083000000| Complete 
|  49|0x0000000083100000, 0x0000000083200000, 0x0000000083200000|100%| O|  |TAMS 0x0000000083200000, 0x0000000083100000| Untracked 
|  50|0x0000000083200000, 0x0000000083300000, 0x0000000083300000|100%| O|  |TAMS 0x0000000083300000, 0x0000000083200000| Complete 
|  51|0x0000000083300000, 0x0000000083400000, 0x0000000083400000|100%| O|  |TAMS 0x0000000083400000, 0x0000000083300000| Untracked 
|  52|0x0000000083400000, 0x0000000083500000, 0x0000000083500000|100%| O|  |TAMS 0x0000000083500000, 0x0000000083400000| Untracked 
|  53|0x0000000083500000, 0x0000000083600000, 0x0000000083600000|100%| O|  |TAMS 0x0000000083600000, 0x0000000083500000| Complete 
|  54|0x0000000083600000, 0x0000000083700000, 0x0000000083700000|100%| O|  |TAMS 0x0000000083700000, 0x0000000083600000| Untracked 
|  55|0x0000000083700000, 0x0000000083800000, 0x0000000083800000|100%|HS|  |TAMS 0x0000000083800000, 0x0000000083700000| Complete 
|  56|0x0000000083800000, 0x0000000083900000, 0x0000000083900000|100%|HC|  |TAMS 0x0000000083900000, 0x0000000083800000| Complete 
|  57|0x0000000083900000, 0x0000000083a00000, 0x0000000083a00000|100%| O|  |TAMS 0x0000000083a00000, 0x0000000083900000| Complete 
|  58|0x0000000083a00000, 0x0000000083b00000, 0x0000000083b00000|100%| O|  |TAMS 0x0000000083b00000, 0x0000000083a00000| Untracked 
|  59|0x0000000083b00000, 0x0000000083c00000, 0x0000000083c00000|100%| O|  |TAMS 0x0000000083c00000, 0x0000000083b00000| Complete 
|  60|0x0000000083c00000, 0x0000000083d00000, 0x0000000083d00000|100%| O|  |TAMS 0x0000000083d00000, 0x0000000083c00000| Complete 
|  61|0x0000000083d00000, 0x0000000083e00000, 0x0000000083e00000|100%| O|  |TAMS 0x0000000083e00000, 0x0000000083d00000| Complete 
|  62|0x0000000083e00000, 0x0000000083f00000, 0x0000000083f00000|100%| O|  |TAMS 0x0000000083f00000, 0x0000000083e00000| Untracked 
|  63|0x0000000083f00000, 0x0000000084000000, 0x0000000084000000|100%| O|  |TAMS 0x0000000084000000, 0x0000000083f00000| Untracked 
|  64|0x0000000084000000, 0x0000000084100000, 0x0000000084100000|100%| O|  |TAMS 0x0000000084100000, 0x0000000084000000| Complete 
|  65|0x0000000084100000, 0x0000000084200000, 0x0000000084200000|100%| O|  |TAMS 0x0000000084200000, 0x0000000084100000| Complete 
|  66|0x0000000084200000, 0x0000000084300000, 0x0000000084300000|100%| O|  |TAMS 0x0000000084300000, 0x0000000084200000| Complete 
|  67|0x0000000084300000, 0x0000000084400000, 0x0000000084400000|100%| O|  |TAMS 0x0000000084400000, 0x0000000084300000| Complete 
|  68|0x0000000084400000, 0x0000000084500000, 0x0000000084500000|100%| O|  |TAMS 0x0000000084500000, 0x0000000084400000| Untracked 
|  69|0x0000000084500000, 0x0000000084600000, 0x0000000084600000|100%| O|  |TAMS 0x0000000084600000, 0x0000000084500000| Untracked 
|  70|0x0000000084600000, 0x0000000084700000, 0x0000000084700000|100%| O|  |TAMS 0x0000000084700000, 0x0000000084600000| Untracked 
|  71|0x0000000084700000, 0x0000000084800000, 0x0000000084800000|100%| O|  |TAMS 0x0000000084800000, 0x0000000084700000| Untracked 
|  72|0x0000000084800000, 0x0000000084900000, 0x0000000084900000|100%| O|  |TAMS 0x0000000084900000, 0x0000000084800000| Untracked 
|  73|0x0000000084900000, 0x0000000084a00000, 0x0000000084a00000|100%| O|  |TAMS 0x0000000084a00000, 0x0000000084900000| Complete 
|  74|0x0000000084a00000, 0x0000000084b00000, 0x0000000084b00000|100%| O|  |TAMS 0x0000000084b00000, 0x0000000084a00000| Complete 
|  75|0x0000000084b00000, 0x0000000084c00000, 0x0000000084c00000|100%| O|  |TAMS 0x0000000084c00000, 0x0000000084b00000| Complete 
|  76|0x0000000084c00000, 0x0000000084d00000, 0x0000000084d00000|100%| O|  |TAMS 0x0000000084d00000, 0x0000000084c00000| Complete 
|  77|0x0000000084d00000, 0x0000000084e00000, 0x0000000084e00000|100%| O|  |TAMS 0x0000000084e00000, 0x0000000084d00000| Untracked 
|  78|0x0000000084e00000, 0x0000000084f00000, 0x0000000084f00000|100%| O|  |TAMS 0x0000000084f00000, 0x0000000084e00000| Untracked 
|  79|0x0000000084f00000, 0x0000000085000000, 0x0000000085000000|100%| O|  |TAMS 0x0000000085000000, 0x0000000084f00000| Complete 
|  80|0x0000000085000000, 0x0000000085100000, 0x0000000085100000|100%| O|  |TAMS 0x0000000085100000, 0x0000000085000000| Complete 
|  81|0x0000000085100000, 0x0000000085200000, 0x0000000085200000|100%| O|  |TAMS 0x0000000085200000, 0x0000000085100000| Complete 
|  82|0x0000000085200000, 0x0000000085300000, 0x0000000085300000|100%| O|  |TAMS 0x0000000085300000, 0x0000000085200000| Complete 
|  83|0x0000000085300000, 0x0000000085400000, 0x0000000085400000|100%| O|  |TAMS 0x0000000085400000, 0x0000000085300000| Complete 
|  84|0x0000000085400000, 0x0000000085500000, 0x0000000085500000|100%| O|  |TAMS 0x0000000085500000, 0x0000000085400000| Complete 
|  85|0x0000000085500000, 0x0000000085600000, 0x0000000085600000|100%| O|  |TAMS 0x0000000085600000, 0x0000000085500000| Complete 
|  86|0x0000000085600000, 0x0000000085700000, 0x0000000085700000|100%| O|  |TAMS 0x0000000085700000, 0x0000000085600000| Complete 
|  87|0x0000000085700000, 0x0000000085800000, 0x0000000085800000|100%| O|  |TAMS 0x0000000085800000, 0x0000000085700000| Complete 
|  88|0x0000000085800000, 0x0000000085900000, 0x0000000085900000|100%| O|  |TAMS 0x0000000085900000, 0x0000000085800000| Complete 
|  89|0x0000000085900000, 0x0000000085a00000, 0x0000000085a00000|100%| O|  |TAMS 0x0000000085a00000, 0x0000000085900000| Complete 
|  90|0x0000000085a00000, 0x0000000085b00000, 0x0000000085b00000|100%| O|  |TAMS 0x0000000085b00000, 0x0000000085a00000| Complete 
|  91|0x0000000085b00000, 0x0000000085c00000, 0x0000000085c00000|100%| O|  |TAMS 0x0000000085c00000, 0x0000000085b00000| Untracked 
|  92|0x0000000085c00000, 0x0000000085d00000, 0x0000000085d00000|100%| O|  |TAMS 0x0000000085d00000, 0x0000000085c00000| Untracked 
|  93|0x0000000085d00000, 0x0000000085e00000, 0x0000000085e00000|100%| O|  |TAMS 0x0000000085e00000, 0x0000000085d00000| Untracked 
|  94|0x0000000085e00000, 0x0000000085f00000, 0x0000000085f00000|100%| O|  |TAMS 0x0000000085f00000, 0x0000000085e00000| Untracked 
|  95|0x0000000085f00000, 0x0000000086000000, 0x0000000086000000|100%| O|  |TAMS 0x0000000086000000, 0x0000000085f00000| Untracked 
|  96|0x0000000086000000, 0x0000000086100000, 0x0000000086100000|100%| O|  |TAMS 0x0000000086100000, 0x0000000086000000| Untracked 
|  97|0x0000000086100000, 0x0000000086200000, 0x0000000086200000|100%| O|  |TAMS 0x0000000086200000, 0x0000000086100000| Complete 
|  98|0x0000000086200000, 0x0000000086300000, 0x0000000086300000|100%| O|  |TAMS 0x0000000086300000, 0x0000000086200000| Complete 
|  99|0x0000000086300000, 0x0000000086400000, 0x0000000086400000|100%| O|  |TAMS 0x0000000086400000, 0x0000000086300000| Complete 
| 100|0x0000000086400000, 0x0000000086500000, 0x0000000086500000|100%| O|  |TAMS 0x0000000086500000, 0x0000000086400000| Complete 
| 101|0x0000000086500000, 0x0000000086600000, 0x0000000086600000|100%| O|  |TAMS 0x0000000086600000, 0x0000000086500000| Untracked 
| 102|0x0000000086600000, 0x0000000086700000, 0x0000000086700000|100%| O|  |TAMS 0x0000000086700000, 0x0000000086600000| Untracked 
| 103|0x0000000086700000, 0x0000000086800000, 0x0000000086800000|100%| O|  |TAMS 0x0000000086800000, 0x0000000086700000| Complete 
| 104|0x0000000086800000, 0x0000000086900000, 0x0000000086900000|100%| O|  |TAMS 0x0000000086900000, 0x0000000086800000| Untracked 
| 105|0x0000000086900000, 0x0000000086a00000, 0x0000000086a00000|100%| O|  |TAMS 0x0000000086a00000, 0x0000000086900000| Untracked 
| 106|0x0000000086a00000, 0x0000000086b00000, 0x0000000086b00000|100%| O|  |TAMS 0x0000000086b00000, 0x0000000086a00000| Untracked 
| 107|0x0000000086b00000, 0x0000000086c00000, 0x0000000086c00000|100%| O|  |TAMS 0x0000000086c00000, 0x0000000086b00000| Complete 
| 108|0x0000000086c00000, 0x0000000086d00000, 0x0000000086d00000|100%| O|  |TAMS 0x0000000086d00000, 0x0000000086c00000| Complete 
| 109|0x0000000086d00000, 0x0000000086e00000, 0x0000000086e00000|100%| O|  |TAMS 0x0000000086e00000, 0x0000000086d00000| Complete 
| 110|0x0000000086e00000, 0x0000000086f00000, 0x0000000086f00000|100%| O|  |TAMS 0x0000000086f00000, 0x0000000086e00000| Untracked 
| 111|0x0000000086f00000, 0x0000000087000000, 0x0000000087000000|100%| O|  |TAMS 0x0000000087000000, 0x0000000086f00000| Untracked 
| 112|0x0000000087000000, 0x0000000087100000, 0x0000000087100000|100%| O|  |TAMS 0x0000000087100000, 0x0000000087000000| Untracked 
| 113|0x0000000087100000, 0x0000000087200000, 0x0000000087200000|100%| O|  |TAMS 0x0000000087200000, 0x0000000087100000| Complete 
| 114|0x0000000087200000, 0x0000000087300000, 0x0000000087300000|100%| O|  |TAMS 0x0000000087300000, 0x0000000087200000| Complete 
| 115|0x0000000087300000, 0x0000000087400000, 0x0000000087400000|100%| O|  |TAMS 0x0000000087400000, 0x0000000087300000| Complete 
| 116|0x0000000087400000, 0x0000000087500000, 0x0000000087500000|100%| O|  |TAMS 0x0000000087500000, 0x0000000087400000| Untracked 
| 117|0x0000000087500000, 0x0000000087600000, 0x0000000087600000|100%| O|  |TAMS 0x0000000087600000, 0x0000000087500000| Complete 
| 118|0x0000000087600000, 0x0000000087700000, 0x0000000087700000|100%| O|  |TAMS 0x0000000087700000, 0x0000000087600000| Untracked 
| 119|0x0000000087700000, 0x0000000087800000, 0x0000000087800000|100%| O|  |TAMS 0x0000000087800000, 0x0000000087700000| Complete 
| 120|0x0000000087800000, 0x0000000087900000, 0x0000000087900000|100%| O|  |TAMS 0x0000000087900000, 0x0000000087800000| Untracked 
| 121|0x0000000087900000, 0x0000000087a00000, 0x0000000087a00000|100%| O|  |TAMS 0x0000000087a00000, 0x0000000087900000| Complete 
| 122|0x0000000087a00000, 0x0000000087b00000, 0x0000000087b00000|100%| O|  |TAMS 0x0000000087b00000, 0x0000000087a00000| Complete 
| 123|0x0000000087b00000, 0x0000000087c00000, 0x0000000087c00000|100%| O|  |TAMS 0x0000000087c00000, 0x0000000087b00000| Complete 
| 124|0x0000000087c00000, 0x0000000087d00000, 0x0000000087d00000|100%| O|  |TAMS 0x0000000087d00000, 0x0000000087c00000| Untracked 
| 125|0x0000000087d00000, 0x0000000087e00000, 0x0000000087e00000|100%| O|  |TAMS 0x0000000087e00000, 0x0000000087d00000| Untracked 
| 126|0x0000000087e00000, 0x0000000087f00000, 0x0000000087f00000|100%| O|  |TAMS 0x0000000087f00000, 0x0000000087e00000| Untracked 
| 127|0x0000000087f00000, 0x0000000088000000, 0x0000000088000000|100%| O|  |TAMS 0x0000000088000000, 0x0000000087f00000| Complete 
| 128|0x0000000088000000, 0x0000000088100000, 0x0000000088100000|100%| O|  |TAMS 0x0000000088100000, 0x0000000088000000| Untracked 
| 129|0x0000000088100000, 0x0000000088200000, 0x0000000088200000|100%| O|  |TAMS 0x0000000088200000, 0x0000000088100000| Untracked 
| 130|0x0000000088200000, 0x0000000088300000, 0x0000000088300000|100%| O|  |TAMS 0x0000000088300000, 0x0000000088200000| Untracked 
| 131|0x0000000088300000, 0x0000000088400000, 0x0000000088400000|100%| O|  |TAMS 0x0000000088400000, 0x0000000088300000| Untracked 
| 132|0x0000000088400000, 0x0000000088500000, 0x0000000088500000|100%| O|  |TAMS 0x0000000088500000, 0x0000000088400000| Complete 
| 133|0x0000000088500000, 0x0000000088600000, 0x0000000088600000|100%| O|  |TAMS 0x0000000088600000, 0x0000000088500000| Untracked 
| 134|0x0000000088600000, 0x0000000088700000, 0x0000000088700000|100%| O|  |TAMS 0x0000000088700000, 0x0000000088600000| Untracked 
| 135|0x0000000088700000, 0x0000000088800000, 0x0000000088800000|100%| O|  |TAMS 0x0000000088800000, 0x0000000088700000| Untracked 
| 136|0x0000000088800000, 0x0000000088900000, 0x0000000088900000|100%| O|  |TAMS 0x0000000088900000, 0x0000000088800000| Complete 
| 137|0x0000000088900000, 0x0000000088a00000, 0x0000000088a00000|100%| O|  |TAMS 0x0000000088a00000, 0x0000000088900000| Untracked 
| 138|0x0000000088a00000, 0x0000000088b00000, 0x0000000088b00000|100%| O|  |TAMS 0x0000000088b00000, 0x0000000088a00000| Complete 
| 139|0x0000000088b00000, 0x0000000088c00000, 0x0000000088c00000|100%| O|  |TAMS 0x0000000088c00000, 0x0000000088b00000| Untracked 
| 140|0x0000000088c00000, 0x0000000088d00000, 0x0000000088d00000|100%| O|  |TAMS 0x0000000088d00000, 0x0000000088c00000| Untracked 
| 141|0x0000000088d00000, 0x0000000088e00000, 0x0000000088e00000|100%| O|  |TAMS 0x0000000088e00000, 0x0000000088d00000| Untracked 
| 142|0x0000000088e00000, 0x0000000088f00000, 0x0000000088f00000|100%| O|  |TAMS 0x0000000088f00000, 0x0000000088e00000| Untracked 
| 143|0x0000000088f00000, 0x0000000089000000, 0x0000000089000000|100%| O|  |TAMS 0x0000000088fdf600, 0x0000000088f00000| Untracked 
| 144|0x0000000089000000, 0x0000000089100000, 0x0000000089100000|100%| O|  |TAMS 0x0000000089000000, 0x0000000089000000| Untracked 
| 145|0x0000000089100000, 0x0000000089200000, 0x0000000089200000|100%| O|  |TAMS 0x0000000089100000, 0x0000000089100000| Untracked 
| 146|0x0000000089200000, 0x0000000089300000, 0x0000000089300000|100%| O|  |TAMS 0x0000000089200000, 0x0000000089200000| Untracked 
| 147|0x0000000089300000, 0x0000000089400000, 0x0000000089400000|100%| O|  |TAMS 0x0000000089300000, 0x0000000089300000| Untracked 
| 148|0x0000000089400000, 0x0000000089500000, 0x0000000089500000|100%| O|  |TAMS 0x0000000089400000, 0x0000000089400000| Untracked 
| 149|0x0000000089500000, 0x0000000089600000, 0x0000000089600000|100%| O|  |TAMS 0x0000000089500000, 0x0000000089500000| Untracked 
| 150|0x0000000089600000, 0x0000000089700000, 0x0000000089700000|100%| O|  |TAMS 0x0000000089600000, 0x0000000089600000| Untracked 
| 151|0x0000000089700000, 0x0000000089800000, 0x0000000089800000|100%| O|  |TAMS 0x0000000089700000, 0x0000000089700000| Untracked 
| 152|0x0000000089800000, 0x0000000089900000, 0x0000000089900000|100%| O|  |TAMS 0x0000000089800000, 0x0000000089800000| Untracked 
| 153|0x0000000089900000, 0x0000000089a00000, 0x0000000089a00000|100%| O|  |TAMS 0x0000000089900000, 0x0000000089900000| Untracked 
| 154|0x0000000089a00000, 0x0000000089b00000, 0x0000000089b00000|100%| O|  |TAMS 0x0000000089a00000, 0x0000000089a00000| Untracked 
| 155|0x0000000089b00000, 0x0000000089c00000, 0x0000000089c00000|100%| O|  |TAMS 0x0000000089b00000, 0x0000000089b00000| Untracked 
| 156|0x0000000089c00000, 0x0000000089d00000, 0x0000000089d00000|100%| O|  |TAMS 0x0000000089c00000, 0x0000000089c00000| Untracked 
| 157|0x0000000089d00000, 0x0000000089e00000, 0x0000000089e00000|100%| O|  |TAMS 0x0000000089d00000, 0x0000000089d00000| Untracked 
| 158|0x0000000089e00000, 0x0000000089f00000, 0x0000000089f00000|100%| O|  |TAMS 0x0000000089e00000, 0x0000000089e00000| Untracked 
| 159|0x0000000089f00000, 0x000000008a000000, 0x000000008a000000|100%| O|  |TAMS 0x000000008a000000, 0x0000000089f00000| Complete 
| 160|0x000000008a000000, 0x000000008a100000, 0x000000008a100000|100%| O|  |TAMS 0x000000008a100000, 0x000000008a000000| Complete 
| 161|0x000000008a100000, 0x000000008a200000, 0x000000008a200000|100%| O|  |TAMS 0x000000008a200000, 0x000000008a100000| Complete 
| 162|0x000000008a200000, 0x000000008a300000, 0x000000008a300000|100%| O|  |TAMS 0x000000008a300000, 0x000000008a200000| Complete 
| 163|0x000000008a300000, 0x000000008a300000, 0x000000008a400000|  0%| F|  |TAMS 0x000000008a300000, 0x000000008a300000| Untracked 
| 164|0x000000008a400000, 0x000000008a400000, 0x000000008a500000|  0%| F|  |TAMS 0x000000008a400000, 0x000000008a400000| Untracked 
| 165|0x000000008a500000, 0x000000008a500000, 0x000000008a600000|  0%| F|  |TAMS 0x000000008a500000, 0x000000008a500000| Untracked 
| 166|0x000000008a600000, 0x000000008a600000, 0x000000008a700000|  0%| F|  |TAMS 0x000000008a600000, 0x000000008a600000| Untracked 
| 167|0x000000008a700000, 0x000000008a700000, 0x000000008a800000|  0%| F|  |TAMS 0x000000008a700000, 0x000000008a700000| Untracked 
| 168|0x000000008a800000, 0x000000008a800000, 0x000000008a900000|  0%| F|  |TAMS 0x000000008a800000, 0x000000008a800000| Untracked 
| 169|0x000000008a900000, 0x000000008a900000, 0x000000008aa00000|  0%| F|  |TAMS 0x000000008a900000, 0x000000008a900000| Untracked 
| 170|0x000000008aa00000, 0x000000008aa00000, 0x000000008ab00000|  0%| F|  |TAMS 0x000000008aa00000, 0x000000008aa00000| Untracked 
| 171|0x000000008ab00000, 0x000000008ab00000, 0x000000008ac00000|  0%| F|  |TAMS 0x000000008ab00000, 0x000000008ab00000| Untracked 
| 172|0x000000008ac00000, 0x000000008ac00000, 0x000000008ad00000|  0%| F|  |TAMS 0x000000008ac00000, 0x000000008ac00000| Untracked 
| 173|0x000000008ad00000, 0x000000008ad00000, 0x000000008ae00000|  0%| F|  |TAMS 0x000000008ad00000, 0x000000008ad00000| Untracked 
| 174|0x000000008ae00000, 0x000000008ae00000, 0x000000008af00000|  0%| F|  |TAMS 0x000000008ae00000, 0x000000008ae00000| Untracked 
| 175|0x000000008af00000, 0x000000008af00000, 0x000000008b000000|  0%| F|  |TAMS 0x000000008af00000, 0x000000008af00000| Untracked 
| 176|0x000000008b000000, 0x000000008b000000, 0x000000008b100000|  0%| F|  |TAMS 0x000000008b000000, 0x000000008b000000| Untracked 
| 177|0x000000008b100000, 0x000000008b100000, 0x000000008b200000|  0%| F|  |TAMS 0x000000008b100000, 0x000000008b100000| Untracked 
| 178|0x000000008b200000, 0x000000008b200000, 0x000000008b300000|  0%| F|  |TAMS 0x000000008b200000, 0x000000008b200000| Untracked 
| 179|0x000000008b300000, 0x000000008b300000, 0x000000008b400000|  0%| F|  |TAMS 0x000000008b300000, 0x000000008b300000| Untracked 
| 180|0x000000008b400000, 0x000000008b400000, 0x000000008b500000|  0%| F|  |TAMS 0x000000008b400000, 0x000000008b400000| Untracked 
| 181|0x000000008b500000, 0x000000008b500000, 0x000000008b600000|  0%| F|  |TAMS 0x000000008b500000, 0x000000008b500000| Untracked 
| 182|0x000000008b600000, 0x000000008b600000, 0x000000008b700000|  0%| F|  |TAMS 0x000000008b600000, 0x000000008b600000| Untracked 
| 183|0x000000008b700000, 0x000000008b700000, 0x000000008b800000|  0%| F|  |TAMS 0x000000008b700000, 0x000000008b700000| Untracked 
| 184|0x000000008b800000, 0x000000008b800000, 0x000000008b900000|  0%| F|  |TAMS 0x000000008b800000, 0x000000008b800000| Untracked 
| 185|0x000000008b900000, 0x000000008b900000, 0x000000008ba00000|  0%| F|  |TAMS 0x000000008b900000, 0x000000008b900000| Untracked 
| 186|0x000000008ba00000, 0x000000008ba00000, 0x000000008bb00000|  0%| F|  |TAMS 0x000000008ba00000, 0x000000008ba00000| Untracked 
| 187|0x000000008bb00000, 0x000000008bb00000, 0x000000008bc00000|  0%| F|  |TAMS 0x000000008bb00000, 0x000000008bb00000| Untracked 
| 188|0x000000008bc00000, 0x000000008bc00000, 0x000000008bd00000|  0%| F|  |TAMS 0x000000008bc00000, 0x000000008bc00000| Untracked 
| 189|0x000000008bd00000, 0x000000008bd00000, 0x000000008be00000|  0%| F|  |TAMS 0x000000008bd00000, 0x000000008bd00000| Untracked 
| 190|0x000000008be00000, 0x000000008be00000, 0x000000008bf00000|  0%| F|  |TAMS 0x000000008be00000, 0x000000008be00000| Untracked 
| 191|0x000000008bf00000, 0x000000008bf00000, 0x000000008c000000|  0%| F|  |TAMS 0x000000008bf00000, 0x000000008bf00000| Untracked 
| 192|0x000000008c000000, 0x000000008c000000, 0x000000008c100000|  0%| F|  |TAMS 0x000000008c000000, 0x000000008c000000| Untracked 
| 193|0x000000008c100000, 0x000000008c100000, 0x000000008c200000|  0%| F|  |TAMS 0x000000008c100000, 0x000000008c100000| Untracked 
| 194|0x000000008c200000, 0x000000008c200000, 0x000000008c300000|  0%| F|  |TAMS 0x000000008c200000, 0x000000008c200000| Untracked 
| 195|0x000000008c300000, 0x000000008c300000, 0x000000008c400000|  0%| F|  |TAMS 0x000000008c300000, 0x000000008c300000| Untracked 
| 196|0x000000008c400000, 0x000000008c400000, 0x000000008c500000|  0%| F|  |TAMS 0x000000008c400000, 0x000000008c400000| Untracked 
| 197|0x000000008c500000, 0x000000008c500000, 0x000000008c600000|  0%| F|  |TAMS 0x000000008c500000, 0x000000008c500000| Untracked 
| 198|0x000000008c600000, 0x000000008c600000, 0x000000008c700000|  0%| F|  |TAMS 0x000000008c600000, 0x000000008c600000| Untracked 
| 199|0x000000008c700000, 0x000000008c700000, 0x000000008c800000|  0%| F|  |TAMS 0x000000008c700000, 0x000000008c700000| Untracked 
| 200|0x000000008c800000, 0x000000008c800000, 0x000000008c900000|  0%| F|  |TAMS 0x000000008c800000, 0x000000008c800000| Untracked 
| 201|0x000000008c900000, 0x000000008c900000, 0x000000008ca00000|  0%| F|  |TAMS 0x000000008c900000, 0x000000008c900000| Untracked 
| 202|0x000000008ca00000, 0x000000008ca00000, 0x000000008cb00000|  0%| F|  |TAMS 0x000000008ca00000, 0x000000008ca00000| Untracked 
| 203|0x000000008cb00000, 0x000000008cb00000, 0x000000008cc00000|  0%| F|  |TAMS 0x000000008cb00000, 0x000000008cb00000| Untracked 
| 204|0x000000008cc00000, 0x000000008cc00000, 0x000000008cd00000|  0%| F|  |TAMS 0x000000008cc00000, 0x000000008cc00000| Untracked 
| 205|0x000000008cd00000, 0x000000008cd00000, 0x000000008ce00000|  0%| F|  |TAMS 0x000000008cd00000, 0x000000008cd00000| Untracked 
| 206|0x000000008ce00000, 0x000000008ce00000, 0x000000008cf00000|  0%| F|  |TAMS 0x000000008ce00000, 0x000000008ce00000| Untracked 
| 207|0x000000008cf00000, 0x000000008cf00000, 0x000000008d000000|  0%| F|  |TAMS 0x000000008cf00000, 0x000000008cf00000| Untracked 
| 208|0x000000008d000000, 0x000000008d000000, 0x000000008d100000|  0%| F|  |TAMS 0x000000008d000000, 0x000000008d000000| Untracked 
| 209|0x000000008d100000, 0x000000008d100000, 0x000000008d200000|  0%| F|  |TAMS 0x000000008d100000, 0x000000008d100000| Untracked 
| 210|0x000000008d200000, 0x000000008d200000, 0x000000008d300000|  0%| F|  |TAMS 0x000000008d200000, 0x000000008d200000| Untracked 
| 211|0x000000008d300000, 0x000000008d300000, 0x000000008d400000|  0%| F|  |TAMS 0x000000008d300000, 0x000000008d300000| Untracked 
| 212|0x000000008d400000, 0x000000008d400000, 0x000000008d500000|  0%| F|  |TAMS 0x000000008d400000, 0x000000008d400000| Untracked 
| 213|0x000000008d500000, 0x000000008d500000, 0x000000008d600000|  0%| F|  |TAMS 0x000000008d500000, 0x000000008d500000| Untracked 
| 214|0x000000008d600000, 0x000000008d600000, 0x000000008d700000|  0%| F|  |TAMS 0x000000008d600000, 0x000000008d600000| Untracked 
| 215|0x000000008d700000, 0x000000008d700000, 0x000000008d800000|  0%| F|  |TAMS 0x000000008d700000, 0x000000008d700000| Untracked 
| 216|0x000000008d800000, 0x000000008d800000, 0x000000008d900000|  0%| F|  |TAMS 0x000000008d800000, 0x000000008d800000| Untracked 
| 217|0x000000008d900000, 0x000000008d900000, 0x000000008da00000|  0%| F|  |TAMS 0x000000008d900000, 0x000000008d900000| Untracked 
| 218|0x000000008da00000, 0x000000008da00000, 0x000000008db00000|  0%| F|  |TAMS 0x000000008da00000, 0x000000008da00000| Untracked 
| 219|0x000000008db00000, 0x000000008db00000, 0x000000008dc00000|  0%| F|  |TAMS 0x000000008db00000, 0x000000008db00000| Untracked 
| 220|0x000000008dc00000, 0x000000008dd00000, 0x000000008dd00000|100%| S|CS|TAMS 0x000000008dc00000, 0x000000008dc00000| Complete 
| 221|0x000000008dd00000, 0x000000008dd00000, 0x000000008de00000|  0%| F|  |TAMS 0x000000008dd00000, 0x000000008dd00000| Untracked 
| 222|0x000000008de00000, 0x000000008de00000, 0x000000008df00000|  0%| F|  |TAMS 0x000000008de00000, 0x000000008de00000| Untracked 
| 223|0x000000008df00000, 0x000000008df00000, 0x000000008e000000|  0%| F|  |TAMS 0x000000008df00000, 0x000000008df00000| Untracked 
| 224|0x000000008e000000, 0x000000008e000000, 0x000000008e100000|  0%| F|  |TAMS 0x000000008e000000, 0x000000008e000000| Untracked 
| 225|0x000000008e100000, 0x000000008e100000, 0x000000008e200000|  0%| F|  |TAMS 0x000000008e100000, 0x000000008e100000| Untracked 
| 226|0x000000008e200000, 0x000000008e200000, 0x000000008e300000|  0%| F|  |TAMS 0x000000008e200000, 0x000000008e200000| Untracked 
| 227|0x000000008e300000, 0x000000008e400000, 0x000000008e400000|100%| S|CS|TAMS 0x000000008e300000, 0x000000008e300000| Complete 
| 228|0x000000008e400000, 0x000000008e500000, 0x000000008e500000|100%| S|CS|TAMS 0x000000008e400000, 0x000000008e400000| Complete 
| 229|0x000000008e500000, 0x000000008e600000, 0x000000008e600000|100%| S|CS|TAMS 0x000000008e500000, 0x000000008e500000| Complete 
| 230|0x000000008e600000, 0x000000008e700000, 0x000000008e700000|100%| S|CS|TAMS 0x000000008e600000, 0x000000008e600000| Complete 
| 231|0x000000008e700000, 0x000000008e800000, 0x000000008e800000|100%| S|CS|TAMS 0x000000008e700000, 0x000000008e700000| Complete 
| 232|0x000000008e800000, 0x000000008e900000, 0x000000008e900000|100%| S|CS|TAMS 0x000000008e800000, 0x000000008e800000| Complete 
| 233|0x000000008e900000, 0x000000008ea00000, 0x000000008ea00000|100%| S|CS|TAMS 0x000000008e900000, 0x000000008e900000| Complete 
| 234|0x000000008ea00000, 0x000000008eb00000, 0x000000008eb00000|100%| S|CS|TAMS 0x000000008ea00000, 0x000000008ea00000| Complete 
| 235|0x000000008eb00000, 0x000000008eb00000, 0x000000008ec00000|  0%| F|  |TAMS 0x000000008eb00000, 0x000000008eb00000| Untracked 
| 236|0x000000008ec00000, 0x000000008ec00000, 0x000000008ed00000|  0%| F|  |TAMS 0x000000008ec00000, 0x000000008ec00000| Untracked 
| 237|0x000000008ed00000, 0x000000008ed00000, 0x000000008ee00000|  0%| F|  |TAMS 0x000000008ed00000, 0x000000008ed00000| Untracked 
| 238|0x000000008ee00000, 0x000000008ee00000, 0x000000008ef00000|  0%| F|  |TAMS 0x000000008ee00000, 0x000000008ee00000| Untracked 
| 239|0x000000008ef00000, 0x000000008ef00000, 0x000000008f000000|  0%| F|  |TAMS 0x000000008ef00000, 0x000000008ef00000| Untracked 
| 240|0x000000008f000000, 0x000000008f000000, 0x000000008f100000|  0%| F|  |TAMS 0x000000008f000000, 0x000000008f000000| Untracked 
| 241|0x000000008f100000, 0x000000008f100000, 0x000000008f200000|  0%| F|  |TAMS 0x000000008f100000, 0x000000008f100000| Untracked 
| 242|0x000000008f200000, 0x000000008f200000, 0x000000008f300000|  0%| F|  |TAMS 0x000000008f200000, 0x000000008f200000| Untracked 
| 243|0x000000008f300000, 0x000000008f300000, 0x000000008f400000|  0%| F|  |TAMS 0x000000008f300000, 0x000000008f300000| Untracked 
| 244|0x000000008f400000, 0x000000008f400000, 0x000000008f500000|  0%| F|  |TAMS 0x000000008f400000, 0x000000008f400000| Untracked 
| 245|0x000000008f500000, 0x000000008f500000, 0x000000008f600000|  0%| F|  |TAMS 0x000000008f500000, 0x000000008f500000| Untracked 
| 246|0x000000008f600000, 0x000000008f700000, 0x000000008f700000|100%| S|CS|TAMS 0x000000008f600000, 0x000000008f600000| Complete 
| 247|0x000000008f700000, 0x000000008f800000, 0x000000008f800000|100%| S|CS|TAMS 0x000000008f700000, 0x000000008f700000| Complete 
| 248|0x000000008f800000, 0x000000008f900000, 0x000000008f900000|100%| S|CS|TAMS 0x000000008f800000, 0x000000008f800000| Complete 
| 249|0x000000008f900000, 0x000000008fa00000, 0x000000008fa00000|100%| S|CS|TAMS 0x000000008f900000, 0x000000008f900000| Complete 
| 250|0x000000008fa00000, 0x000000008fb00000, 0x000000008fb00000|100%| S|CS|TAMS 0x000000008fa00000, 0x000000008fa00000| Complete 
| 251|0x000000008fb00000, 0x000000008fc00000, 0x000000008fc00000|100%| S|CS|TAMS 0x000000008fb00000, 0x000000008fb00000| Complete 
| 252|0x000000008fc00000, 0x000000008fc00000, 0x000000008fd00000|  0%| F|  |TAMS 0x000000008fc00000, 0x000000008fc00000| Untracked 
| 253|0x000000008fd00000, 0x000000008fd00000, 0x000000008fe00000|  0%| F|  |TAMS 0x000000008fd00000, 0x000000008fd00000| Untracked 
| 254|0x000000008fe00000, 0x000000008fe00000, 0x000000008ff00000|  0%| F|  |TAMS 0x000000008fe00000, 0x000000008fe00000| Untracked 
| 255|0x000000008ff00000, 0x000000008ff00000, 0x0000000090000000|  0%| F|  |TAMS 0x000000008ff00000, 0x000000008ff00000| Untracked 
| 256|0x0000000090000000, 0x0000000090000000, 0x0000000090100000|  0%| F|  |TAMS 0x0000000090000000, 0x0000000090000000| Untracked 
| 257|0x0000000090100000, 0x0000000090100000, 0x0000000090200000|  0%| F|  |TAMS 0x0000000090100000, 0x0000000090100000| Untracked 
| 258|0x0000000090200000, 0x0000000090200000, 0x0000000090300000|  0%| F|  |TAMS 0x0000000090200000, 0x0000000090200000| Untracked 
| 259|0x0000000090300000, 0x0000000090300000, 0x0000000090400000|  0%| F|  |TAMS 0x0000000090300000, 0x0000000090300000| Untracked 
| 260|0x0000000090400000, 0x0000000090400000, 0x0000000090500000|  0%| F|  |TAMS 0x0000000090400000, 0x0000000090400000| Untracked 
| 261|0x0000000090500000, 0x0000000090500000, 0x0000000090600000|  0%| F|  |TAMS 0x0000000090500000, 0x0000000090500000| Untracked 
| 262|0x0000000090600000, 0x0000000090600000, 0x0000000090700000|  0%| F|  |TAMS 0x0000000090600000, 0x0000000090600000| Untracked 
| 263|0x0000000090700000, 0x0000000090700000, 0x0000000090800000|  0%| F|  |TAMS 0x0000000090700000, 0x0000000090700000| Untracked 
| 264|0x0000000090800000, 0x0000000090800000, 0x0000000090900000|  0%| F|  |TAMS 0x0000000090800000, 0x0000000090800000| Untracked 
| 265|0x0000000090900000, 0x0000000090900000, 0x0000000090a00000|  0%| F|  |TAMS 0x0000000090900000, 0x0000000090900000| Untracked 
| 266|0x0000000090a00000, 0x0000000090a00000, 0x0000000090b00000|  0%| F|  |TAMS 0x0000000090a00000, 0x0000000090a00000| Untracked 
| 267|0x0000000090b00000, 0x0000000090b00000, 0x0000000090c00000|  0%| F|  |TAMS 0x0000000090b00000, 0x0000000090b00000| Untracked 
| 268|0x0000000090c00000, 0x0000000090c00000, 0x0000000090d00000|  0%| F|  |TAMS 0x0000000090c00000, 0x0000000090c00000| Untracked 
| 269|0x0000000090d00000, 0x0000000090d00000, 0x0000000090e00000|  0%| F|  |TAMS 0x0000000090d00000, 0x0000000090d00000| Untracked 
| 270|0x0000000090e00000, 0x0000000090e00000, 0x0000000090f00000|  0%| F|  |TAMS 0x0000000090e00000, 0x0000000090e00000| Untracked 
| 271|0x0000000090f00000, 0x0000000090f00000, 0x0000000091000000|  0%| F|  |TAMS 0x0000000090f00000, 0x0000000090f00000| Untracked 
| 272|0x0000000091000000, 0x0000000091000000, 0x0000000091100000|  0%| F|  |TAMS 0x0000000091000000, 0x0000000091000000| Untracked 
| 273|0x0000000091100000, 0x0000000091100000, 0x0000000091200000|  0%| F|  |TAMS 0x0000000091100000, 0x0000000091100000| Untracked 
| 274|0x0000000091200000, 0x0000000091200000, 0x0000000091300000|  0%| F|  |TAMS 0x0000000091200000, 0x0000000091200000| Untracked 
| 275|0x0000000091300000, 0x0000000091300000, 0x0000000091400000|  0%| F|  |TAMS 0x0000000091300000, 0x0000000091300000| Untracked 
| 276|0x0000000091400000, 0x0000000091400000, 0x0000000091500000|  0%| F|  |TAMS 0x0000000091400000, 0x0000000091400000| Untracked 
| 277|0x0000000091500000, 0x0000000091500000, 0x0000000091600000|  0%| F|  |TAMS 0x0000000091500000, 0x0000000091500000| Untracked 
| 278|0x0000000091600000, 0x0000000091600000, 0x0000000091700000|  0%| F|  |TAMS 0x0000000091600000, 0x0000000091600000| Untracked 
| 279|0x0000000091700000, 0x0000000091700000, 0x0000000091800000|  0%| F|  |TAMS 0x0000000091700000, 0x0000000091700000| Untracked 
| 280|0x0000000091800000, 0x0000000091800000, 0x0000000091900000|  0%| F|  |TAMS 0x0000000091800000, 0x0000000091800000| Untracked 
| 281|0x0000000091900000, 0x0000000091900000, 0x0000000091a00000|  0%| F|  |TAMS 0x0000000091900000, 0x0000000091900000| Untracked 
| 282|0x0000000091a00000, 0x0000000091a00000, 0x0000000091b00000|  0%| F|  |TAMS 0x0000000091a00000, 0x0000000091a00000| Untracked 
| 283|0x0000000091b00000, 0x0000000091b00000, 0x0000000091c00000|  0%| F|  |TAMS 0x0000000091b00000, 0x0000000091b00000| Untracked 
| 284|0x0000000091c00000, 0x0000000091c00000, 0x0000000091d00000|  0%| F|  |TAMS 0x0000000091c00000, 0x0000000091c00000| Untracked 
| 285|0x0000000091d00000, 0x0000000091d00000, 0x0000000091e00000|  0%| F|  |TAMS 0x0000000091d00000, 0x0000000091d00000| Untracked 
| 286|0x0000000091e00000, 0x0000000091e00000, 0x0000000091f00000|  0%| F|  |TAMS 0x0000000091e00000, 0x0000000091e00000| Untracked 
| 287|0x0000000091f00000, 0x0000000091f00000, 0x0000000092000000|  0%| F|  |TAMS 0x0000000091f00000, 0x0000000091f00000| Untracked 
| 288|0x0000000092000000, 0x0000000092000000, 0x0000000092100000|  0%| F|  |TAMS 0x0000000092000000, 0x0000000092000000| Untracked 
| 289|0x0000000092100000, 0x0000000092100000, 0x0000000092200000|  0%| F|  |TAMS 0x0000000092100000, 0x0000000092100000| Untracked 
| 290|0x0000000092200000, 0x0000000092200000, 0x0000000092300000|  0%| F|  |TAMS 0x0000000092200000, 0x0000000092200000| Untracked 
| 291|0x0000000092300000, 0x0000000092300000, 0x0000000092400000|  0%| F|  |TAMS 0x0000000092300000, 0x0000000092300000| Untracked 
| 292|0x0000000092400000, 0x0000000092400000, 0x0000000092500000|  0%| F|  |TAMS 0x0000000092400000, 0x0000000092400000| Untracked 
| 293|0x0000000092500000, 0x0000000092500000, 0x0000000092600000|  0%| F|  |TAMS 0x0000000092500000, 0x0000000092500000| Untracked 
| 294|0x0000000092600000, 0x0000000092600000, 0x0000000092700000|  0%| F|  |TAMS 0x0000000092600000, 0x0000000092600000| Untracked 
| 295|0x0000000092700000, 0x0000000092700000, 0x0000000092800000|  0%| F|  |TAMS 0x0000000092700000, 0x0000000092700000| Untracked 
| 296|0x0000000092800000, 0x0000000092800000, 0x0000000092900000|  0%| F|  |TAMS 0x0000000092800000, 0x0000000092800000| Untracked 
| 297|0x0000000092900000, 0x0000000092900000, 0x0000000092a00000|  0%| F|  |TAMS 0x0000000092900000, 0x0000000092900000| Untracked 
| 298|0x0000000092a00000, 0x0000000092a00000, 0x0000000092b00000|  0%| F|  |TAMS 0x0000000092a00000, 0x0000000092a00000| Untracked 
| 299|0x0000000092b00000, 0x0000000092b00000, 0x0000000092c00000|  0%| F|  |TAMS 0x0000000092b00000, 0x0000000092b00000| Untracked 
| 300|0x0000000092c00000, 0x0000000092c00000, 0x0000000092d00000|  0%| F|  |TAMS 0x0000000092c00000, 0x0000000092c00000| Untracked 
| 301|0x0000000092d00000, 0x0000000092d00000, 0x0000000092e00000|  0%| F|  |TAMS 0x0000000092d00000, 0x0000000092d00000| Untracked 
| 302|0x0000000092e00000, 0x0000000092e00000, 0x0000000092f00000|  0%| F|  |TAMS 0x0000000092e00000, 0x0000000092e00000| Untracked 
| 303|0x0000000092f00000, 0x0000000092f00000, 0x0000000093000000|  0%| F|  |TAMS 0x0000000092f00000, 0x0000000092f00000| Untracked 
| 304|0x0000000093000000, 0x0000000093000000, 0x0000000093100000|  0%| F|  |TAMS 0x0000000093000000, 0x0000000093000000| Untracked 
| 305|0x0000000093100000, 0x0000000093100000, 0x0000000093200000|  0%| F|  |TAMS 0x0000000093100000, 0x0000000093100000| Untracked 
| 306|0x0000000093200000, 0x0000000093200000, 0x0000000093300000|  0%| F|  |TAMS 0x0000000093200000, 0x0000000093200000| Untracked 
| 307|0x0000000093300000, 0x0000000093300000, 0x0000000093400000|  0%| F|  |TAMS 0x0000000093300000, 0x0000000093300000| Untracked 
| 308|0x0000000093400000, 0x0000000093400000, 0x0000000093500000|  0%| F|  |TAMS 0x0000000093400000, 0x0000000093400000| Untracked 
| 309|0x0000000093500000, 0x0000000093500000, 0x0000000093600000|  0%| F|  |TAMS 0x0000000093500000, 0x0000000093500000| Untracked 
| 310|0x0000000093600000, 0x0000000093600000, 0x0000000093700000|  0%| F|  |TAMS 0x0000000093600000, 0x0000000093600000| Untracked 
| 311|0x0000000093700000, 0x0000000093700000, 0x0000000093800000|  0%| F|  |TAMS 0x0000000093700000, 0x0000000093700000| Untracked 
| 312|0x0000000093800000, 0x0000000093800000, 0x0000000093900000|  0%| F|  |TAMS 0x0000000093800000, 0x0000000093800000| Untracked 
| 313|0x0000000093900000, 0x0000000093900000, 0x0000000093a00000|  0%| F|  |TAMS 0x0000000093900000, 0x0000000093900000| Untracked 
| 314|0x0000000093a00000, 0x0000000093a00000, 0x0000000093b00000|  0%| F|  |TAMS 0x0000000093a00000, 0x0000000093a00000| Untracked 
| 315|0x0000000093b00000, 0x0000000093b00000, 0x0000000093c00000|  0%| F|  |TAMS 0x0000000093b00000, 0x0000000093b00000| Untracked 
| 316|0x0000000093c00000, 0x0000000093c00000, 0x0000000093d00000|  0%| F|  |TAMS 0x0000000093c00000, 0x0000000093c00000| Untracked 
| 317|0x0000000093d00000, 0x0000000093d00000, 0x0000000093e00000|  0%| F|  |TAMS 0x0000000093d00000, 0x0000000093d00000| Untracked 
| 318|0x0000000093e00000, 0x0000000093e00000, 0x0000000093f00000|  0%| F|  |TAMS 0x0000000093e00000, 0x0000000093e00000| Untracked 
| 319|0x0000000093f00000, 0x0000000093f00000, 0x0000000094000000|  0%| F|  |TAMS 0x0000000093f00000, 0x0000000093f00000| Untracked 
| 320|0x0000000094000000, 0x0000000094000000, 0x0000000094100000|  0%| F|  |TAMS 0x0000000094000000, 0x0000000094000000| Untracked 
| 321|0x0000000094100000, 0x0000000094100000, 0x0000000094200000|  0%| F|  |TAMS 0x0000000094100000, 0x0000000094100000| Untracked 
| 322|0x0000000094200000, 0x0000000094200000, 0x0000000094300000|  0%| F|  |TAMS 0x0000000094200000, 0x0000000094200000| Untracked 
| 323|0x0000000094300000, 0x0000000094300000, 0x0000000094400000|  0%| F|  |TAMS 0x0000000094300000, 0x0000000094300000| Untracked 
| 324|0x0000000094400000, 0x0000000094400000, 0x0000000094500000|  0%| F|  |TAMS 0x0000000094400000, 0x0000000094400000| Untracked 
| 325|0x0000000094500000, 0x0000000094500000, 0x0000000094600000|  0%| F|  |TAMS 0x0000000094500000, 0x0000000094500000| Untracked 
| 326|0x0000000094600000, 0x0000000094600000, 0x0000000094700000|  0%| F|  |TAMS 0x0000000094600000, 0x0000000094600000| Untracked 
| 327|0x0000000094700000, 0x0000000094700000, 0x0000000094800000|  0%| F|  |TAMS 0x0000000094700000, 0x0000000094700000| Untracked 
| 328|0x0000000094800000, 0x0000000094800000, 0x0000000094900000|  0%| F|  |TAMS 0x0000000094800000, 0x0000000094800000| Untracked 
| 329|0x0000000094900000, 0x0000000094900000, 0x0000000094a00000|  0%| F|  |TAMS 0x0000000094900000, 0x0000000094900000| Untracked 
| 330|0x0000000094a00000, 0x0000000094a00000, 0x0000000094b00000|  0%| F|  |TAMS 0x0000000094a00000, 0x0000000094a00000| Untracked 
| 331|0x0000000094b00000, 0x0000000094b00000, 0x0000000094c00000|  0%| F|  |TAMS 0x0000000094b00000, 0x0000000094b00000| Untracked 
| 332|0x0000000094c00000, 0x0000000094c00000, 0x0000000094d00000|  0%| F|  |TAMS 0x0000000094c00000, 0x0000000094c00000| Untracked 
| 333|0x0000000094d00000, 0x0000000094d00000, 0x0000000094e00000|  0%| F|  |TAMS 0x0000000094d00000, 0x0000000094d00000| Untracked 
| 334|0x0000000094e00000, 0x0000000094e00000, 0x0000000094f00000|  0%| F|  |TAMS 0x0000000094e00000, 0x0000000094e00000| Untracked 
| 335|0x0000000094f00000, 0x0000000094f00000, 0x0000000095000000|  0%| F|  |TAMS 0x0000000094f00000, 0x0000000094f00000| Untracked 
| 336|0x0000000095000000, 0x0000000095000000, 0x0000000095100000|  0%| F|  |TAMS 0x0000000095000000, 0x0000000095000000| Untracked 
| 337|0x0000000095100000, 0x0000000095100000, 0x0000000095200000|  0%| F|  |TAMS 0x0000000095100000, 0x0000000095100000| Untracked 
| 338|0x0000000095200000, 0x0000000095200000, 0x0000000095300000|  0%| F|  |TAMS 0x0000000095200000, 0x0000000095200000| Untracked 
| 339|0x0000000095300000, 0x0000000095300000, 0x0000000095400000|  0%| F|  |TAMS 0x0000000095300000, 0x0000000095300000| Untracked 
| 340|0x0000000095400000, 0x0000000095400000, 0x0000000095500000|  0%| F|  |TAMS 0x0000000095400000, 0x0000000095400000| Untracked 
| 341|0x0000000095500000, 0x0000000095500000, 0x0000000095600000|  0%| F|  |TAMS 0x0000000095500000, 0x0000000095500000| Untracked 
| 342|0x0000000095600000, 0x0000000095600000, 0x0000000095700000|  0%| F|  |TAMS 0x0000000095600000, 0x0000000095600000| Untracked 
| 343|0x0000000095700000, 0x0000000095700000, 0x0000000095800000|  0%| F|  |TAMS 0x0000000095700000, 0x0000000095700000| Untracked 
| 344|0x0000000095800000, 0x0000000095800000, 0x0000000095900000|  0%| F|  |TAMS 0x0000000095800000, 0x0000000095800000| Untracked 
| 345|0x0000000095900000, 0x0000000095900000, 0x0000000095a00000|  0%| F|  |TAMS 0x0000000095900000, 0x0000000095900000| Untracked 
| 346|0x0000000095a00000, 0x0000000095a00000, 0x0000000095b00000|  0%| F|  |TAMS 0x0000000095a00000, 0x0000000095a00000| Untracked 
| 347|0x0000000095b00000, 0x0000000095b00000, 0x0000000095c00000|  0%| F|  |TAMS 0x0000000095b00000, 0x0000000095b00000| Untracked 
| 348|0x0000000095c00000, 0x0000000095c00000, 0x0000000095d00000|  0%| F|  |TAMS 0x0000000095c00000, 0x0000000095c00000| Untracked 
| 349|0x0000000095d00000, 0x0000000095d00000, 0x0000000095e00000|  0%| F|  |TAMS 0x0000000095d00000, 0x0000000095d00000| Untracked 
| 350|0x0000000095e00000, 0x0000000095e00000, 0x0000000095f00000|  0%| F|  |TAMS 0x0000000095e00000, 0x0000000095e00000| Untracked 
| 351|0x0000000095f00000, 0x0000000095f00000, 0x0000000096000000|  0%| F|  |TAMS 0x0000000095f00000, 0x0000000095f00000| Untracked 
| 352|0x0000000096000000, 0x0000000096000000, 0x0000000096100000|  0%| F|  |TAMS 0x0000000096000000, 0x0000000096000000| Untracked 
| 353|0x0000000096100000, 0x0000000096100000, 0x0000000096200000|  0%| F|  |TAMS 0x0000000096100000, 0x0000000096100000| Untracked 
| 354|0x0000000096200000, 0x0000000096200000, 0x0000000096300000|  0%| F|  |TAMS 0x0000000096200000, 0x0000000096200000| Untracked 
| 355|0x0000000096300000, 0x0000000096300000, 0x0000000096400000|  0%| F|  |TAMS 0x0000000096300000, 0x0000000096300000| Untracked 
| 356|0x0000000096400000, 0x0000000096400000, 0x0000000096500000|  0%| F|  |TAMS 0x0000000096400000, 0x0000000096400000| Untracked 
| 357|0x0000000096500000, 0x0000000096500000, 0x0000000096600000|  0%| F|  |TAMS 0x0000000096500000, 0x0000000096500000| Untracked 
| 358|0x0000000096600000, 0x0000000096600000, 0x0000000096700000|  0%| F|  |TAMS 0x0000000096600000, 0x0000000096600000| Untracked 
| 359|0x0000000096700000, 0x0000000096700000, 0x0000000096800000|  0%| F|  |TAMS 0x0000000096700000, 0x0000000096700000| Untracked 
| 360|0x0000000096800000, 0x0000000096800000, 0x0000000096900000|  0%| F|  |TAMS 0x0000000096800000, 0x0000000096800000| Untracked 
| 361|0x0000000096900000, 0x0000000096900000, 0x0000000096a00000|  0%| F|  |TAMS 0x0000000096900000, 0x0000000096900000| Untracked 
| 362|0x0000000096a00000, 0x0000000096a00000, 0x0000000096b00000|  0%| F|  |TAMS 0x0000000096a00000, 0x0000000096a00000| Untracked 
| 363|0x0000000096b00000, 0x0000000096b00000, 0x0000000096c00000|  0%| F|  |TAMS 0x0000000096b00000, 0x0000000096b00000| Untracked 
| 364|0x0000000096c00000, 0x0000000096c00000, 0x0000000096d00000|  0%| F|  |TAMS 0x0000000096c00000, 0x0000000096c00000| Untracked 
| 365|0x0000000096d00000, 0x0000000096d00000, 0x0000000096e00000|  0%| F|  |TAMS 0x0000000096d00000, 0x0000000096d00000| Untracked 
| 366|0x0000000096e00000, 0x0000000096e00000, 0x0000000096f00000|  0%| F|  |TAMS 0x0000000096e00000, 0x0000000096e00000| Untracked 
| 367|0x0000000096f00000, 0x0000000096f00000, 0x0000000097000000|  0%| F|  |TAMS 0x0000000096f00000, 0x0000000096f00000| Untracked 
| 368|0x0000000097000000, 0x0000000097000000, 0x0000000097100000|  0%| F|  |TAMS 0x0000000097000000, 0x0000000097000000| Untracked 
| 369|0x0000000097100000, 0x0000000097100000, 0x0000000097200000|  0%| F|  |TAMS 0x0000000097100000, 0x0000000097100000| Untracked 

Card table byte_map: [0x00000114402c0000,0x00000114406c0000] _byte_map_base: 0x000001143fec0000

Marking Bits (Prev, Next): (CMBitMap*) 0x000001142d0e0448, (CMBitMap*) 0x000001142d0e0480
 Prev Bits: [0x0000011440ac0000, 0x0000011442ac0000)
 Next Bits: [0x0000011442ac0000, 0x0000011444ac0000)

Polling page: 0x000001142afe0000

Metaspace:

Usage:
  Non-class:    117.03 MB capacity,   114.57 MB ( 98%) used,     1.97 MB (  2%) free+waste,   496.19 KB ( <1%) overhead. 
      Class:     17.45 MB capacity,    15.97 MB ( 91%) used,     1.27 MB (  7%) free+waste,   218.94 KB (  1%) overhead. 
       Both:    134.48 MB capacity,   130.54 MB ( 97%) used,     3.24 MB (  2%) free+waste,   715.13 KB ( <1%) overhead. 

Virtual space:
  Non-class space:      118.00 MB reserved,     117.25 MB (>99%) committed 
      Class space:        1.00 GB reserved,      17.57 MB (  2%) committed 
             Both:        1.12 GB reserved,     134.82 MB ( 12%) committed 

Chunk freelists:
   Non-Class:  34.00 KB
       Class:  0 bytes
        Both:  34.00 KB

MaxMetaspaceSize: 17179869184.00 GB
CompressedClassSpaceSize: 1.00 GB

CodeHeap 'non-profiled nmethods': size=120000Kb used=19675Kb max_used=20011Kb free=100324Kb
 bounds [0x0000011438660000, 0x00000114399f0000, 0x000001143fb90000]
CodeHeap 'profiled nmethods': size=120000Kb used=57252Kb max_used=58464Kb free=62747Kb
 bounds [0x0000011431130000, 0x0000011434af0000, 0x0000011438660000]
CodeHeap 'non-nmethods': size=5760Kb used=2443Kb max_used=2515Kb free=3316Kb
 bounds [0x0000011430b90000, 0x0000011430e10000, 0x0000011431130000]
 total_blobs=25864 nmethods=24780 adapters=992
 compilation: enabled
              stopped_count=0, restarted_count=0
 full_count=0

Compilation events (20 events):
Event: 19421.646 Thread 0x0000011487dea000 nmethod 29184 0x0000011431bf2b90 code [0x0000011431bf2d60, 0x0000011431bf2f48]
Event: 19421.646 Thread 0x0000011487dea000 29204       2       java.util.IdentityHashMap$KeySet::size (8 bytes)
Event: 19421.646 Thread 0x0000011487dea000 nmethod 29204 0x0000011431be0e10 code [0x0000011431be0fc0, 0x0000011431be10b8]
Event: 19421.646 Thread 0x0000011487dea000 29180       2       com.android.tools.r8.internal.g4::a (28 bytes)
Event: 19421.647 Thread 0x0000011487dea000 nmethod 29180 0x0000011431bf6410 code [0x0000011431bf6600, 0x0000011431bf6818]
Event: 19421.647 Thread 0x0000011487dea000 29203       2       java.lang.Throwable::<init> (29 bytes)
Event: 19421.647 Thread 0x0000011487dea000 nmethod 29203 0x0000011431c35910 code [0x0000011431c35ae0, 0x0000011431c35d28]
Event: 19421.647 Thread 0x0000011487dea000 29192       2       com.android.tools.r8.ir.regalloc.b::c (36 bytes)
Event: 19421.647 Thread 0x0000011487dea000 nmethod 29192 0x0000011431befa10 code [0x0000011431befbc0, 0x0000011431befd78]
Event: 19421.647 Thread 0x0000011487dea000 29185       2       com.android.tools.r8.internal.D8$$Lambda$1624/0x000001144832f840::apply (8 bytes)
Event: 19421.647 Thread 0x0000011487dea000 nmethod 29185 0x0000011431c69e90 code [0x0000011431c6a040, 0x0000011431c6a258]
Event: 19421.647 Thread 0x0000011487dea000 29186       2       com.android.tools.r8.internal.D8::a (8 bytes)
Event: 19421.648 Thread 0x0000011487dea000 nmethod 29186 0x0000011431be8310 code [0x0000011431be84c0, 0x0000011431be8658]
Event: 19421.648 Thread 0x0000011487dea000 29188       2       com.android.tools.r8.internal.fu$a::next (25 bytes)
Event: 19421.648 Thread 0x0000011487dea000 nmethod 29188 0x0000011431ceb190 code [0x0000011431ceb360, 0x0000011431ceb5c8]
Event: 19421.648 Thread 0x0000011487dea000 29252 % !   3       java.util.concurrent.ConcurrentHashMap::transfer @ 372 (828 bytes)
Event: 19421.653 Thread 0x0000011487dea000 nmethod 29252% 0x00000114330c8190 code [0x00000114330c8600, 0x00000114330cbe68]
Event: 19421.653 Thread 0x0000011487dea000 29254       3       com.android.tools.r8.graph.B0$d::a (126 bytes)
Event: 19421.653 Thread 0x0000011487dea000 nmethod 29254 0x0000011431e3b690 code [0x0000011431e3b8e0, 0x0000011431e3c258]
Event: 19421.653 Thread 0x0000011487dea000 29256 % !   3       java.util.concurrent.ConcurrentHashMap::transfer @ 96 (828 bytes)

GC Heap History (20 events):
Event: 19418.571 GC heap after
{Heap after GC invocations=76 (full 0):
 garbage-first heap   total 265216K, used 99676K [0x0000000080000000, 0x0000000100000000)
  region size 1024K, 2 young (2048K), 2 survivors (2048K)
 Metaspace       used 131131K, capacity 135080K, committed 135244K, reserved 1167360K
  class space    used 16154K, capacity 17613K, committed 17740K, reserved 1048576K
}
Event: 19418.830 GC heap before
{Heap before GC invocations=76 (full 0):
 garbage-first heap   total 265216K, used 162140K [0x0000000080000000, 0x0000000100000000)
  region size 1024K, 64 young (65536K), 2 survivors (2048K)
 Metaspace       used 131213K, capacity 135117K, committed 135244K, reserved 1167360K
  class space    used 16169K, capacity 17625K, committed 17740K, reserved 1048576K
}
Event: 19418.835 GC heap after
{Heap after GC invocations=77 (full 0):
 garbage-first heap   total 265216K, used 99980K [0x0000000080000000, 0x0000000100000000)
  region size 1024K, 2 young (2048K), 2 survivors (2048K)
 Metaspace       used 131213K, capacity 135117K, committed 135244K, reserved 1167360K
  class space    used 16169K, capacity 17625K, committed 17740K, reserved 1048576K
}
Event: 19419.239 GC heap before
{Heap before GC invocations=78 (full 0):
 garbage-first heap   total 265216K, used 213644K [0x0000000080000000, 0x0000000100000000)
  region size 1024K, 108 young (110592K), 2 survivors (2048K)
 Metaspace       used 131881K, capacity 135870K, committed 136140K, reserved 1167360K
  class space    used 16263K, capacity 17785K, committed 17868K, reserved 1048576K
}
Event: 19419.243 GC heap after
{Heap after GC invocations=79 (full 0):
 garbage-first heap   total 265216K, used 102890K [0x0000000080000000, 0x0000000100000000)
  region size 1024K, 3 young (3072K), 3 survivors (3072K)
 Metaspace       used 131881K, capacity 135870K, committed 136140K, reserved 1167360K
  class space    used 16263K, capacity 17785K, committed 17868K, reserved 1048576K
}
Event: 19419.253 GC heap before
{Heap before GC invocations=79 (full 0):
 garbage-first heap   total 265216K, used 112106K [0x0000000080000000, 0x0000000100000000)
  region size 1024K, 12 young (12288K), 3 survivors (3072K)
 Metaspace       used 131881K, capacity 135870K, committed 136140K, reserved 1167360K
  class space    used 16263K, capacity 17785K, committed 17868K, reserved 1048576K
}
Event: 19419.257 GC heap after
{Heap after GC invocations=80 (full 0):
 garbage-first heap   total 265216K, used 102533K [0x0000000080000000, 0x0000000100000000)
  region size 1024K, 2 young (2048K), 2 survivors (2048K)
 Metaspace       used 131881K, capacity 135870K, committed 136140K, reserved 1167360K
  class space    used 16263K, capacity 17785K, committed 17868K, reserved 1048576K
}
Event: 19419.429 GC heap before
{Heap before GC invocations=80 (full 0):
 garbage-first heap   total 265216K, used 211077K [0x0000000080000000, 0x0000000100000000)
  region size 1024K, 109 young (111616K), 2 survivors (2048K)
 Metaspace       used 132083K, capacity 136084K, committed 136396K, reserved 1167360K
  class space    used 16276K, capacity 17790K, committed 17868K, reserved 1048576K
}
Event: 19419.447 GC heap after
{Heap after GC invocations=81 (full 0):
 garbage-first heap   total 265216K, used 121979K [0x0000000080000000, 0x0000000100000000)
  region size 1024K, 14 young (14336K), 14 survivors (14336K)
 Metaspace       used 132083K, capacity 136084K, committed 136396K, reserved 1167360K
  class space    used 16276K, capacity 17790K, committed 17868K, reserved 1048576K
}
Event: 19419.813 GC heap before
{Heap before GC invocations=82 (full 0):
 garbage-first heap   total 265216K, used 210043K [0x0000000080000000, 0x0000000100000000)
  region size 1024K, 101 young (103424K), 14 survivors (14336K)
 Metaspace       used 132287K, capacity 136254K, committed 136396K, reserved 1167360K
  class space    used 16294K, capacity 17801K, committed 17868K, reserved 1048576K
}
Event: 19419.834 GC heap after
{Heap after GC invocations=83 (full 0):
 garbage-first heap   total 265216K, used 134476K [0x0000000080000000, 0x0000000100000000)
  region size 1024K, 13 young (13312K), 13 survivors (13312K)
 Metaspace       used 132287K, capacity 136254K, committed 136396K, reserved 1167360K
  class space    used 16294K, capacity 17801K, committed 17868K, reserved 1048576K
}
Event: 19419.842 GC heap before
{Heap before GC invocations=83 (full 0):
 garbage-first heap   total 265216K, used 135500K [0x0000000080000000, 0x0000000100000000)
  region size 1024K, 14 young (14336K), 13 survivors (13312K)
 Metaspace       used 132306K, capacity 136321K, committed 136396K, reserved 1167360K
  class space    used 16295K, capacity 17802K, committed 17868K, reserved 1048576K
}
Event: 19419.856 GC heap after
{Heap after GC invocations=84 (full 0):
 garbage-first heap   total 378880K, used 136310K [0x0000000080000000, 0x0000000100000000)
  region size 1024K, 2 young (2048K), 2 survivors (2048K)
 Metaspace       used 132306K, capacity 136321K, committed 136396K, reserved 1167360K
  class space    used 16295K, capacity 17802K, committed 17868K, reserved 1048576K
}
Event: 19420.415 GC heap before
{Heap before GC invocations=84 (full 0):
 garbage-first heap   total 378880K, used 259190K [0x0000000080000000, 0x0000000100000000)
  region size 1024K, 123 young (125952K), 2 survivors (2048K)
 Metaspace       used 133143K, capacity 137137K, committed 137164K, reserved 1169408K
  class space    used 16337K, capacity 17856K, committed 17868K, reserved 1048576K
}
Event: 19420.429 GC heap after
{Heap after GC invocations=85 (full 0):
 garbage-first heap   total 378880K, used 146132K [0x0000000080000000, 0x0000000100000000)
  region size 1024K, 12 young (12288K), 12 survivors (12288K)
 Metaspace       used 133143K, capacity 137137K, committed 137164K, reserved 1169408K
  class space    used 16337K, capacity 17856K, committed 17868K, reserved 1048576K
}
Event: 19420.972 GC heap before
{Heap before GC invocations=86 (full 0):
 garbage-first heap   total 378880K, used 270036K [0x0000000080000000, 0x0000000100000000)
  region size 1024K, 134 young (137216K), 12 survivors (12288K)
 Metaspace       used 133444K, capacity 137428K, committed 137676K, reserved 1169408K
  class space    used 16343K, capacity 17864K, committed 17868K, reserved 1048576K
}
Event: 19420.988 GC heap after
{Heap after GC invocations=87 (full 0):
 garbage-first heap   total 378880K, used 154940K [0x0000000080000000, 0x0000000100000000)
  region size 1024K, 9 young (9216K), 9 survivors (9216K)
 Metaspace       used 133444K, capacity 137428K, committed 137676K, reserved 1169408K
  class space    used 16343K, capacity 17864K, committed 17868K, reserved 1048576K
}
Event: 19421.264 GC heap before
{Heap before GC invocations=87 (full 0):
 garbage-first heap   total 378880K, used 279868K [0x0000000080000000, 0x0000000100000000)
  region size 1024K, 132 young (135168K), 9 survivors (9216K)
 Metaspace       used 133560K, capacity 137574K, committed 137804K, reserved 1169408K
  class space    used 16346K, capacity 17869K, committed 17996K, reserved 1048576K
}
Event: 19421.286 GC heap after
{Heap after GC invocations=88 (full 0):
 garbage-first heap   total 378880K, used 168829K [0x0000000080000000, 0x0000000100000000)
  region size 1024K, 17 young (17408K), 17 survivors (17408K)
 Metaspace       used 133560K, capacity 137574K, committed 137804K, reserved 1169408K
  class space    used 16346K, capacity 17869K, committed 17996K, reserved 1048576K
}
Event: 19421.654 GC heap before
{Heap before GC invocations=89 (full 0):
 garbage-first heap   total 378880K, used 288637K [0x0000000080000000, 0x0000000100000000)
  region size 1024K, 135 young (138240K), 17 survivors (17408K)
 Metaspace       used 133673K, capacity 137707K, committed 138060K, reserved 1169408K
  class space    used 16349K, capacity 17869K, committed 17996K, reserved 1048576K
}

Deoptimization events (20 events):
Event: 19421.637 Thread 0x00000114935cd000 DEOPT PACKING pc=0x0000011431d0ef20 sp=0x0000000103cfa170
Event: 19421.637 Thread 0x00000114935cd000 DEOPT UNPACKING pc=0x0000011430bb78ce sp=0x0000000103cf9698 mode 0
Event: 19421.638 Thread 0x00000114935cd000 DEOPT PACKING pc=0x0000011431d0ef20 sp=0x0000000103cfa170
Event: 19421.639 Thread 0x00000114935cd000 DEOPT UNPACKING pc=0x0000011430bb78ce sp=0x0000000103cf9698 mode 0
Event: 19421.640 Thread 0x00000114935cd000 DEOPT PACKING pc=0x0000011431d0eef0 sp=0x0000000103cfa060
Event: 19421.640 Thread 0x00000114935cd000 DEOPT UNPACKING pc=0x0000011430bb78ce sp=0x0000000103cf9588 mode 0
Event: 19421.640 Thread 0x00000114935cd000 DEOPT PACKING pc=0x0000011431d0eef0 sp=0x0000000103cfa120
Event: 19421.640 Thread 0x00000114935cd000 DEOPT UNPACKING pc=0x0000011430bb78ce sp=0x0000000103cf9648 mode 0
Event: 19421.641 Thread 0x00000114935cd000 DEOPT PACKING pc=0x0000011431d0ef20 sp=0x0000000103cfa000
Event: 19421.641 Thread 0x00000114935cd000 DEOPT UNPACKING pc=0x0000011430bb78ce sp=0x0000000103cf9528 mode 0
Event: 19421.643 Thread 0x00000114935cd000 DEOPT PACKING pc=0x0000011431d0ef20 sp=0x0000000103cfa170
Event: 19421.643 Thread 0x00000114935cd000 DEOPT UNPACKING pc=0x0000011430bb78ce sp=0x0000000103cf9698 mode 0
Event: 19421.645 Thread 0x00000114935cb800 DEOPT PACKING pc=0x0000011431d0ef20 sp=0x00000001038fa290
Event: 19421.645 Thread 0x00000114935cb800 DEOPT UNPACKING pc=0x0000011430bb78ce sp=0x00000001038f97b8 mode 0
Event: 19421.649 Thread 0x00000114935cb800 DEOPT PACKING pc=0x0000011431d0eef0 sp=0x00000001038fa7f0
Event: 19421.649 Thread 0x00000114935cb800 DEOPT UNPACKING pc=0x0000011430bb78ce sp=0x00000001038f9d18 mode 0
Event: 19421.651 Thread 0x00000114935cb800 DEOPT PACKING pc=0x0000011434a63173 sp=0x00000001038fafc0
Event: 19421.651 Thread 0x00000114935cb800 DEOPT UNPACKING pc=0x0000011430bb78ce sp=0x00000001038fa4f0 mode 0
Event: 19421.652 Thread 0x00000114935c8000 DEOPT PACKING pc=0x0000011431d0ef20 sp=0x0000000103afa450
Event: 19421.652 Thread 0x00000114935c8000 DEOPT UNPACKING pc=0x0000011430bb78ce sp=0x0000000103af9978 mode 0

Classes redefined (0 events):
No events

Internal exceptions (20 events):
Event: 19419.046 Thread 0x00000114935c7800 Exception <a 'sun/nio/fs/WindowsException'{0x000000008cce6368}> (0x000000008cce6368) thrown at [./src/hotspot/share/prims/jni.cpp, line 615]
Event: 19419.047 Thread 0x00000114935c7800 Implicit null exception at 0x0000011438f55f40 to 0x0000011438f56c7c
Event: 19419.311 Thread 0x00000114935cb800 Exception <a 'sun/nio/fs/WindowsException'{0x000000008de36408}> (0x000000008de36408) thrown at [./src/hotspot/share/prims/jni.cpp, line 615]
Event: 19419.318 Thread 0x00000114935c8000 Exception <a 'sun/nio/fs/WindowsException'{0x000000008db19af0}> (0x000000008db19af0) thrown at [./src/hotspot/share/prims/jni.cpp, line 615]
Event: 19419.339 Thread 0x00000114935ca000 Exception <a 'sun/nio/fs/WindowsException'{0x000000008d1130b8}> (0x000000008d1130b8) thrown at [./src/hotspot/share/prims/jni.cpp, line 615]
Event: 19419.389 Thread 0x00000114935c9000 Exception <a 'sun/nio/fs/WindowsException'{0x000000008b0be670}> (0x000000008b0be670) thrown at [./src/hotspot/share/prims/jni.cpp, line 615]
Event: 19419.491 Thread 0x00000114935c7800 Exception <a 'sun/nio/fs/WindowsException'{0x000000008fa45648}> (0x000000008fa45648) thrown at [./src/hotspot/share/prims/jni.cpp, line 615]
Event: 19419.881 Thread 0x00000114935cb800 Exception <a 'java/lang/NoSuchMethodError'{0x0000000096b8a638}: 'java.lang.Object java.lang.invoke.DirectMethodHandle$Holder.invokeInterface(java.lang.Object, java.lang.Object, int)'> (0x0000000096b8a638) thrown at [./src/hotspot/share/interpreter/linkResolver.cpp, line 773]
Event: 19420.204 Thread 0x00000114935cb800 Exception <a 'sun/nio/fs/WindowsException'{0x0000000092d56518}> (0x0000000092d56518) thrown at [./src/hotspot/share/prims/jni.cpp, line 615]
Event: 19420.459 Thread 0x00000114935c8000 Exception <a 'sun/nio/fs/WindowsException'{0x0000000096ad12d0}> (0x0000000096ad12d0) thrown at [./src/hotspot/share/prims/jni.cpp, line 615]
Event: 19420.557 Thread 0x00000114935ca000 Exception <a 'java/lang/NoSuchMethodError'{0x0000000095c66558}: 'int java.lang.invoke.DirectMethodHandle$Holder.invokeInterface(java.lang.Object, java.lang.Object, int)'> (0x0000000095c66558) thrown at [./src/hotspot/share/interpreter/linkResolver.cpp, line 773]
Event: 19420.805 Thread 0x00000114935cc800 Exception <a 'sun/nio/fs/WindowsException'{0x0000000092dbf740}> (0x0000000092dbf740) thrown at [./src/hotspot/share/prims/jni.cpp, line 615]
Event: 19421.083 Thread 0x00000114935c8000 Exception <a 'sun/nio/fs/WindowsException'{0x0000000093953ad8}> (0x0000000093953ad8) thrown at [./src/hotspot/share/prims/jni.cpp, line 615]
Event: 19421.095 Thread 0x0000011490b4f000 Exception <a 'sun/nio/fs/WindowsException'{0x0000000093930ff8}> (0x0000000093930ff8) thrown at [./src/hotspot/share/prims/jni.cpp, line 615]
Event: 19421.244 Thread 0x00000114935cd000 Exception <a 'sun/nio/fs/WindowsException'{0x000000008fffb200}> (0x000000008fffb200) thrown at [./src/hotspot/share/prims/jni.cpp, line 615]
Event: 19421.263 Thread 0x0000011490b4f000 Exception <a 'sun/nio/fs/WindowsException'{0x000000008f8c8558}> (0x000000008f8c8558) thrown at [./src/hotspot/share/prims/jni.cpp, line 615]
Event: 19421.544 Thread 0x00000114935c8000 Exception <a 'sun/nio/fs/WindowsException'{0x00000000938ceca8}> (0x00000000938ceca8) thrown at [./src/hotspot/share/prims/jni.cpp, line 615]
Event: 19421.590 Thread 0x00000114935cb800 Exception <a 'sun/nio/fs/WindowsException'{0x00000000924cce70}> (0x00000000924cce70) thrown at [./src/hotspot/share/prims/jni.cpp, line 615]
Event: 19421.597 Thread 0x00000114935cc800 Implicit null exception at 0x00000114391af374 to 0x00000114391b653c
Event: 19421.648 Thread 0x00000114935c8000 Exception <a 'sun/nio/fs/WindowsException'{0x000000008fd76a00}> (0x000000008fd76a00) thrown at [./src/hotspot/share/prims/jni.cpp, line 615]

Events (20 events):
Event: 19421.509 Executing VM operation: RevokeBias
Event: 19421.510 loading class java/util/concurrent/ConcurrentHashMap$TreeNode done
Event: 19421.512 Executing VM operation: RevokeBias done
Event: 19421.519 loading class java/util/concurrent/ConcurrentHashMap$TreeBin
Event: 19421.519 loading class java/util/concurrent/ConcurrentHashMap$TreeBin done
Event: 19421.520 Executing VM operation: RevokeBias
Event: 19421.520 Executing VM operation: RevokeBias done
Event: 19421.524 Executing VM operation: RevokeBias
Event: 19421.527 Executing VM operation: RevokeBias done
Event: 19421.573 Executing VM operation: CGC_Operation
Event: 19421.575 Executing VM operation: CGC_Operation done
Event: 19421.649 loading class com/android/tools/r8/errors/InterfaceDesugarMissingTypeDiagnostic
Event: 19421.649 loading class com/android/tools/r8/errors/InterfaceDesugarMissingTypeDiagnostic done
Event: 19421.650 loading class com/android/tools/r8/errors/DesugarDiagnostic
Event: 19421.650 loading class com/android/tools/r8/errors/DesugarDiagnostic done
Event: 19421.651 loading class com/android/tools/r8/internal/RA$b
Event: 19421.651 loading class com/android/tools/r8/internal/RA$b done
Event: 19421.651 Executing VM operation: G1CollectForAllocation
Event: 19421.651 Executing VM operation: G1CollectForAllocation done
Event: 19421.653 Executing VM operation: G1CollectForAllocation


Dynamic libraries:
0x00007ff74bfd0000 - 0x00007ff74bfda000 	C:\Program Files\Android\Android Studio\jre\bin\java.exe
0x00007fff0c9b0000 - 0x00007fff0cba5000 	C:\Windows\SYSTEM32\ntdll.dll
0x00007fff0aa10000 - 0x00007fff0aacd000 	C:\Windows\System32\KERNEL32.DLL
0x00007fff0a3a0000 - 0x00007fff0a669000 	C:\Windows\System32\KERNELBASE.dll
0x00007fff0a710000 - 0x00007fff0a810000 	C:\Windows\System32\ucrtbase.dll
0x00007ffee39a0000 - 0x00007ffee39b7000 	C:\Program Files\Android\Android Studio\jre\bin\VCRUNTIME140.dll
0x00007ffee30e0000 - 0x00007ffee30f9000 	C:\Program Files\Android\Android Studio\jre\bin\jli.dll
0x00007fff0c0c0000 - 0x00007fff0c260000 	C:\Windows\System32\USER32.dll
0x00007fff0a810000 - 0x00007fff0a832000 	C:\Windows\System32\win32u.dll
0x00007fff0b3a0000 - 0x00007fff0b3ca000 	C:\Windows\System32\GDI32.dll
0x00007ffefabd0000 - 0x00007ffefae6a000 	C:\Windows\WinSxS\amd64_microsoft.windows.common-controls_6595b64144ccf1df_6.0.19041.1110_none_60b5254171f9507e\COMCTL32.dll
0x00007fff0a130000 - 0x00007fff0a23b000 	C:\Windows\System32\gdi32full.dll
0x00007fff0c380000 - 0x00007fff0c41e000 	C:\Windows\System32\msvcrt.dll
0x00007fff0a670000 - 0x00007fff0a70d000 	C:\Windows\System32\msvcp_win.dll
0x00007fff0b810000 - 0x00007fff0b840000 	C:\Windows\System32\IMM32.DLL
0x00007ffed87c0000 - 0x00007ffed885d000 	C:\Program Files\Android\Android Studio\jre\bin\msvcp140.dll
0x00007ffea6080000 - 0x00007ffea6b4f000 	C:\Program Files\Android\Android Studio\jre\bin\server\jvm.dll
0x00007fff0b590000 - 0x00007fff0b63c000 	C:\Windows\System32\ADVAPI32.dll
0x00007fff0b300000 - 0x00007fff0b39b000 	C:\Windows\System32\sechost.dll
0x00007fff0c480000 - 0x00007fff0c5aa000 	C:\Windows\System32\RPCRT4.dll
0x00007fff0c0b0000 - 0x00007fff0c0b8000 	C:\Windows\System32\PSAPI.DLL
0x00007ffef1b00000 - 0x00007ffef1b09000 	C:\Windows\SYSTEM32\WSOCK32.dll
0x00007fff04ea0000 - 0x00007fff04eaa000 	C:\Windows\SYSTEM32\VERSION.dll
0x00007fff02660000 - 0x00007fff02687000 	C:\Windows\SYSTEM32\WINMM.dll
0x00007fff0b1e0000 - 0x00007fff0b24b000 	C:\Windows\System32\WS2_32.dll
0x00007fff08010000 - 0x00007fff08022000 	C:\Windows\SYSTEM32\kernel.appcore.dll
0x00007fff03bb0000 - 0x00007fff03bc1000 	C:\Program Files\Android\Android Studio\jre\bin\verify.dll
0x00007ffefd060000 - 0x00007ffefd244000 	C:\Windows\SYSTEM32\DBGHELP.DLL
0x00007ffefcff0000 - 0x00007ffefd01c000 	C:\Windows\SYSTEM32\dbgcore.DLL
0x00007fff0a870000 - 0x00007fff0a8f3000 	C:\Windows\System32\bcryptPrimitives.dll
0x00007fff03b80000 - 0x00007fff03ba9000 	C:\Program Files\Android\Android Studio\jre\bin\java.dll
0x00007fff06030000 - 0x00007fff0603b000 	C:\Program Files\Android\Android Studio\jre\bin\jimage.dll
0x00007fff027e0000 - 0x00007fff027f8000 	C:\Program Files\Android\Android Studio\jre\bin\zip.dll
0x00007fff0b970000 - 0x00007fff0c0af000 	C:\Windows\System32\SHELL32.dll
0x00007fff08210000 - 0x00007fff089a0000 	C:\Windows\SYSTEM32\windows.storage.dll
0x00007fff0c610000 - 0x00007fff0c965000 	C:\Windows\System32\combase.dll
0x00007fff09b40000 - 0x00007fff09b6c000 	C:\Windows\SYSTEM32\Wldp.dll
0x00007fff0b250000 - 0x00007fff0b2fe000 	C:\Windows\System32\SHCORE.dll
0x00007fff0b720000 - 0x00007fff0b775000 	C:\Windows\System32\shlwapi.dll
0x00007fff0a020000 - 0x00007fff0a03f000 	C:\Windows\SYSTEM32\profapi.dll
0x00007fff022f0000 - 0x00007fff0230a000 	C:\Program Files\Android\Android Studio\jre\bin\net.dll
0x00007fff04cb0000 - 0x00007fff04db8000 	C:\Windows\SYSTEM32\WINHTTP.dll
0x00007fff098a0000 - 0x00007fff0990a000 	C:\Windows\system32\mswsock.dll
0x00007fff006e0000 - 0x00007fff006f4000 	C:\Program Files\Android\Android Studio\jre\bin\nio.dll
0x00007fff05a80000 - 0x00007fff05aa7000 	C:\Users\Pramu\.gradle\native\8bec1ad78214c89d9ad589b4d07fe93259594b29d510b10fafb7a158f7737e5d\windows-amd64\native-platform.dll
0x00007ffeaa510000 - 0x00007ffeaa64d000 	C:\Users\Pramu\.gradle\native\53dbd7edfb1c66fb8903c78663c9afc45aea4f116125fa6feffd364cf09443e8\windows-amd64\native-platform-file-events.dll
0x00007fff05f20000 - 0x00007fff05f2a000 	C:\Program Files\Android\Android Studio\jre\bin\management.dll
0x00007fff04390000 - 0x00007fff0439c000 	C:\Program Files\Android\Android Studio\jre\bin\management_ext.dll
0x00007fff09aa0000 - 0x00007fff09ab8000 	C:\Windows\SYSTEM32\CRYPTSP.dll
0x00007fff09150000 - 0x00007fff09184000 	C:\Windows\system32\rsaenh.dll
0x00007fff0a840000 - 0x00007fff0a867000 	C:\Windows\System32\bcrypt.dll
0x00007fff09fe0000 - 0x00007fff0a00e000 	C:\Windows\SYSTEM32\USERENV.dll
0x00007fff09a90000 - 0x00007fff09a9c000 	C:\Windows\SYSTEM32\CRYPTBASE.dll
0x00007fff09520000 - 0x00007fff0955b000 	C:\Windows\SYSTEM32\IPHLPAPI.DLL
0x00007fff0b780000 - 0x00007fff0b788000 	C:\Windows\System32\NSI.dll
0x00007fff05170000 - 0x00007fff05187000 	C:\Windows\SYSTEM32\dhcpcsvc6.DLL
0x00007fff05150000 - 0x00007fff0516d000 	C:\Windows\SYSTEM32\dhcpcsvc.DLL
0x00007fff09560000 - 0x00007fff0962c000 	C:\Windows\SYSTEM32\DNSAPI.dll
0x00007ffed7080000 - 0x00007ffed7224000 	C:\Program Files\Android\Android Studio\jre\bin\awt.dll
0x00007fff0b650000 - 0x00007fff0b71d000 	C:\Windows\System32\OLEAUT32.dll
0x00007fff07e30000 - 0x00007fff07e5f000 	C:\Windows\SYSTEM32\dwmapi.dll
0x00007fff07a50000 - 0x00007fff07ae0000 	C:\Windows\SYSTEM32\apphelp.dll
0x00007fff07b50000 - 0x00007fff07bee000 	C:\Windows\system32\uxtheme.dll

dbghelp: loaded successfully - version: 4.0.5 - missing functions: none
symbol engine: initialized successfully - sym options: 0x614 - pdb path: .;C:\Program Files\Android\Android Studio\jre\bin;C:\Windows\SYSTEM32;C:\Windows\WinSxS\amd64_microsoft.windows.common-controls_6595b64144ccf1df_6.0.19041.1110_none_60b5254171f9507e;C:\Program Files\Android\Android Studio\jre\bin\server;C:\Users\Pramu\.gradle\native\8bec1ad78214c89d9ad589b4d07fe93259594b29d510b10fafb7a158f7737e5d\windows-amd64;C:\Users\Pramu\.gradle\native\53dbd7edfb1c66fb8903c78663c9afc45aea4f116125fa6feffd364cf09443e8\windows-amd64

VM Arguments:
jvm_args: --add-opens=java.base/java.util=ALL-UNNAMED --add-opens=java.base/java.lang=ALL-UNNAMED --add-opens=java.base/java.lang.invoke=ALL-UNNAMED --add-opens=java.base/java.util=ALL-UNNAMED --add-opens=java.prefs/java.util.prefs=ALL-UNNAMED --add-opens=java.prefs/java.util.prefs=ALL-UNNAMED --add-opens=java.base/java.nio.charset=ALL-UNNAMED --add-opens=java.base/java.net=ALL-UNNAMED --add-opens=java.base/java.util.concurrent.atomic=ALL-UNNAMED -Xmx2048m -Dfile.encoding=UTF-8 -Duser.country=US -Duser.language=en -Duser.variant 
java_command: org.gradle.launcher.daemon.bootstrap.GradleDaemon 7.0.2
java_class_path (initial): C:\Users\Pramu\.gradle\wrapper\dists\gradle-7.0.2-all\7era6s5ay7zsbhuvl0oc9g94s\gradle-7.0.2\lib\gradle-launcher-7.0.2.jar
Launcher Type: SUN_STANDARD

[Global flags]
     intx CICompilerCount                          = 4                                         {product} {ergonomic}
     uint ConcGCThreads                            = 2                                         {product} {ergonomic}
     uint G1ConcRefinementThreads                  = 8                                         {product} {ergonomic}
   size_t G1HeapRegionSize                         = 1048576                                   {product} {ergonomic}
    uintx GCDrainStackTargetSize                   = 64                                        {product} {ergonomic}
   size_t InitialHeapSize                          = 268435456                                 {product} {ergonomic}
   size_t MarkStackSize                            = 4194304                                   {product} {ergonomic}
   size_t MaxHeapSize                              = 2147483648                                {product} {command line}
   size_t MaxNewSize                               = 1287651328                                {product} {ergonomic}
   size_t MinHeapDeltaBytes                        = 1048576                                   {product} {ergonomic}
    uintx NonNMethodCodeHeapSize                   = 5836300                                {pd product} {ergonomic}
    uintx NonProfiledCodeHeapSize                  = 122910970                              {pd product} {ergonomic}
    uintx ProfiledCodeHeapSize                     = 122910970                              {pd product} {ergonomic}
    uintx ReservedCodeCacheSize                    = 251658240                              {pd product} {ergonomic}
     bool SegmentedCodeCache                       = true                                      {product} {ergonomic}
     bool UseCompressedClassPointers               = true                                 {lp64_product} {ergonomic}
     bool UseCompressedOops                        = true                                 {lp64_product} {ergonomic}
     bool UseG1GC                                  = true                                      {product} {ergonomic}
     bool UseLargePagesIndividualAllocation        = false                                  {pd product} {ergonomic}

Logging:
Log output configuration:
 #0: stdout all=warning uptime,level,tags
 #1: stderr all=off uptime,level,tags

Environment Variables:
JAVA_HOME=C:\Users\Pramu\AppData\Local\Programs\AdoptOpenJDK\jdk-11.0.8.10-hotspot\
PATH=C:\Program Files\Common Files\Oracle\Java\javapath;C:\Program Files (x86)\Common Files\Intel\Shared Libraries\redist\intel64\compiler;C:\Windows\system32;C:\Windows;C:\Windows\System32\Wbem;C:\Windows\System32\WindowsPowerShell\v1.0\;C:\Windows\System32\OpenSSH\;C:\Program Files (x86)\NVIDIA Corporation\PhysX\Common;C:\Program Files\NVIDIA Corporation\NVIDIA NvDLISR;C:\Program Files\PuTTY\;C:\Program Files\Git\cmd;C:\ProgramData\ComposerSetup\bin;C:\Program Files\nodejs\;C:\Program Files\IBM\SPSS\Statistics\25\JRE\bin;C:\Program Files\dotnet\;C:\Program Files\Microsoft SQL Server\130\Tools\Binn\;C:\Program Files\Microsoft SQL Server\Client SDK\ODBC\170\Tools\Binn\;C:\Program Files (x86)\Microsoft SQL Server\150\Tools\Binn\;C:\Program Files\Microsoft SQL Server\150\Tools\Binn\;C:\Program Files\Microsoft SQL Server\150\DTS\Binn\;C:\Program Files\Java\jdk-16.0.1\bin;C:\Users\Pramu\AppData\Local\Programs\AdoptOpenJDK\jdk-11.0.8.10-hotspot\bin;C:\Users\Pramu\AppData\Local\Microsoft\WindowsApps;C:\Users\Pramu\AppData\Local\Programs\Microsoft VS Code\bin;C:\Program Files\Git\bin\;C:\Program Files\Git\cmd\;C:\xampp\php\;C:\Users\Pramu\AppData\Roaming\Composer\vendor\bin;C:\Users\Pramu\AppData\Roaming\npm;C:\Users\Pramu\.dotnet\tools;C:\Program Files\Azure Data Studio\bin;C:\Program Files\JetBrains\PhpStorm 2020.3.2\bin;;C:\Program Files\heroku\bin;C:\Users\Pramu\Desktop\Reverse Eng;
USERNAME=Pramu
OS=Windows_NT
PROCESSOR_IDENTIFIER=AMD64 Family 23 Model 24 Stepping 1, AuthenticAMD



---------------  S Y S T E M  ---------------

OS: Windows 10 , 64 bit Build 19041 (10.0.19041.1151)
OS uptime: 4 days 1:38 hours

CPU:total 8 (initial active 8) (8 cores per cpu, 2 threads per core) family 23 model 24 stepping 1 microcode 0x0, cmov, cx8, fxsr, mmx, sse, sse2, sse3, ssse3, sse4.1, sse4.2, popcnt, avx, avx2, aes, clmul, mmxext, 3dnowpref, lzcnt, sse4a, ht, tsc, tscinvbit, tscinv, bmi1, bmi2, adx, s

Memory: 4k page, system-wide physical 16330M (4025M free)
TotalPageFile size 16330M (AvailPageFile size 118M)
current process WorkingSet (physical memory assigned to process): 815M, peak: 815M
current process commit charge ("private bytes"): 923M, peak: 1078M

vm_info: OpenJDK 64-Bit Server VM (11.0.10+0-b96-7249189) for windows-amd64 JRE (11.0.10+0-b96-7249189), built on Mar 31 2021 21:44:00 by "builder" with MS VC++ 14.0 (VS2015)

END.
